17-Mar-2021 08:07:15.249 INFO [main] org.apache.catalina.startup.VersionLoggerListener.log Server version:        Apache Tomcat/8.0.36
17-Mar-2021 08:07:15.249 INFO [main] org.apache.catalina.startup.VersionLoggerListener.log Server built:          Jun 9 2016 13:55:50 UTC
17-Mar-2021 08:07:15.249 INFO [main] org.apache.catalina.startup.VersionLoggerListener.log Server number:         8.0.36.0
17-Mar-2021 08:07:15.249 INFO [main] org.apache.catalina.startup.VersionLoggerListener.log OS Name:               Windows 10
17-Mar-2021 08:07:15.249 INFO [main] org.apache.catalina.startup.VersionLoggerListener.log OS Version:            10.0
17-Mar-2021 08:07:15.249 INFO [main] org.apache.catalina.startup.VersionLoggerListener.log Architecture:          amd64
17-Mar-2021 08:07:15.249 INFO [main] org.apache.catalina.startup.VersionLoggerListener.log Java Home:             C:\Projekte\ProtinSupport\Github\ER-Software\Versorgungsauskunft-Rechner\Java-JRE\jre_1.8.0-131
17-Mar-2021 08:07:15.249 INFO [main] org.apache.catalina.startup.VersionLoggerListener.log JVM Version:           1.8.0_131-b11
17-Mar-2021 08:07:15.249 INFO [main] org.apache.catalina.startup.VersionLoggerListener.log JVM Vendor:            Oracle Corporation
17-Mar-2021 08:07:15.249 INFO [main] org.apache.catalina.startup.VersionLoggerListener.log CATALINA_BASE:         C:\Projekte\ProtinSupport\Github\ER-Software\Versorgungsauskunft-Rechner\Web\apache-tomcat-8.0.36
17-Mar-2021 08:07:15.249 INFO [main] org.apache.catalina.startup.VersionLoggerListener.log CATALINA_HOME:         C:\Projekte\ProtinSupport\Github\ER-Software\Versorgungsauskunft-Rechner\Web\apache-tomcat-8.0.36
17-Mar-2021 08:07:15.249 INFO [main] org.apache.catalina.startup.VersionLoggerListener.log Command line argument: -Djdk.tls.ephemeralDHKeySize=2048
17-Mar-2021 08:07:15.249 INFO [main] org.apache.catalina.startup.VersionLoggerListener.log Command line argument: -Djava.util.logging.config.file=C:\Projekte\ProtinSupport\Github\ER-Software\Versorgungsauskunft-Rechner\Web\apache-tomcat-8.0.36\conf\logging.properties
17-Mar-2021 08:07:15.249 INFO [main] org.apache.catalina.startup.VersionLoggerListener.log Command line argument: -Djava.util.logging.manager=org.apache.juli.ClassLoaderLogManager
17-Mar-2021 08:07:15.249 INFO [main] org.apache.catalina.startup.VersionLoggerListener.log Command line argument: -Djava.endorsed.dirs=C:\Projekte\ProtinSupport\Github\ER-Software\Versorgungsauskunft-Rechner\Web\apache-tomcat-8.0.36\endorsed
17-Mar-2021 08:07:15.249 INFO [main] org.apache.catalina.startup.VersionLoggerListener.log Command line argument: -Dcatalina.base=C:\Projekte\ProtinSupport\Github\ER-Software\Versorgungsauskunft-Rechner\Web\apache-tomcat-8.0.36
17-Mar-2021 08:07:15.249 INFO [main] org.apache.catalina.startup.VersionLoggerListener.log Command line argument: -Dcatalina.home=C:\Projekte\ProtinSupport\Github\ER-Software\Versorgungsauskunft-Rechner\Web\apache-tomcat-8.0.36
17-Mar-2021 08:07:15.249 INFO [main] org.apache.catalina.startup.VersionLoggerListener.log Command line argument: -Djava.io.tmpdir=C:\Projekte\ProtinSupport\Github\ER-Software\Versorgungsauskunft-Rechner\Web\apache-tomcat-8.0.36\temp
17-Mar-2021 08:07:15.249 INFO [main] org.apache.catalina.core.AprLifecycleListener.lifecycleEvent The APR based Apache Tomcat Native library which allows optimal performance in production environments was not found on the java.library.path: C:\Projekte\ProtinSupport\Github\ER-Software\Versorgungsauskunft-Rechner\Java-JRE\jre_1.8.0-131\bin;C:\WINDOWS\Sun\Java\bin;C:\WINDOWS\system32;C:\WINDOWS;C:\Work\Programme\Datenbank\Oracle\product\18.0.0\dbhomeXE\bin;C:\WINDOWS\system32;C:\WINDOWS;C:\WINDOWS\System32\Wbem;C:\WINDOWS\System32\WindowsPowerShell\v1.0\;C:\WINDOWS\System32\OpenSSH\;C:\Program Files\Intel\WiFi\bin\;C:\Program Files\Common Files\Intel\WirelessCommon\;C:\Program Files (x86)\Intel\Intel(R) Management Engine Components\DAL;C:\Program Files\Intel\Intel(R) Management Engine Components\DAL;C:\Program Files (x86)\HP\Common\HPDestPlgIn\;C:\Program Files\PuTTY\;C:\Users\Precision\AppData\Local\Microsoft\WindowsApps;C:\Work\Programme\JDK\jdk1.8.0_131\bin;C:\Work\Programme\GIT\Git\bin;C:\Program Files (x86)\HP\Common\HPDestPlgIn\;.
17-Mar-2021 08:07:15.733 INFO [main] org.apache.coyote.AbstractProtocol.init Initializing ProtocolHandler ["http-nio-8080"]
17-Mar-2021 08:07:15.996 INFO [main] org.apache.tomcat.util.net.NioSelectorPool.getSharedSelector Using a shared selector for servlet write/read
17-Mar-2021 08:07:15.996 INFO [main] org.apache.coyote.AbstractProtocol.init Initializing ProtocolHandler ["ajp-nio-8009"]
17-Mar-2021 08:07:15.996 INFO [main] org.apache.tomcat.util.net.NioSelectorPool.getSharedSelector Using a shared selector for servlet write/read
17-Mar-2021 08:07:15.996 INFO [main] org.apache.catalina.startup.Catalina.load Initialization processed in 1158 ms
17-Mar-2021 08:07:16.027 INFO [main] org.apache.catalina.core.StandardService.startInternal Starting service Catalina
17-Mar-2021 08:07:16.027 INFO [main] org.apache.catalina.core.StandardEngine.startInternal Starting Servlet Engine: Apache Tomcat/8.0.36
17-Mar-2021 08:07:16.074 INFO [localhost-startStop-1] org.apache.catalina.startup.HostConfig.deployWAR Deploying web application archive C:\Projekte\ProtinSupport\Github\ER-Software\Versorgungsauskunft-Rechner\Web\apache-tomcat-8.0.36\webapps\demo.war
17-Mar-2021 08:07:16.953 INFO [localhost-startStop-1] org.apache.jasper.servlet.TldScanner.scanJars At least one JAR was scanned for TLDs yet contained no TLDs. Enable debug logging for this logger for a complete list of JARs that were scanned but no TLDs were found in them. Skipping unneeded JARs during scanning can improve startup time and JSP compilation time.
17-Mar-2021 08:07:19.396 WARNING [localhost-startStop-1] org.apache.catalina.webresources.Cache.getResource Unable to add the resource at [/WEB-INF/plugins/org.eclipse.e4.ui.workbench.renderers.swt_0.13.0.rap-20190627-0844.jar] to the cache because there was insufficient free space available after evicting expired cache entries - consider increasing the maximum size of the cache
17-Mar-2021 08:07:19.412 WARNING [localhost-startStop-1] org.apache.catalina.webresources.Cache.getResource Unable to add the resource at [/WEB-INF/plugins/org.eclipse.equinox.http.servlet_1.6.300.v20191011-1612.jar] to the cache because there was insufficient free space available after evicting expired cache entries - consider increasing the maximum size of the cache
17-Mar-2021 08:07:19.427 WARNING [localhost-startStop-1] org.apache.catalina.webresources.Cache.getResource Unable to add the resource at [/WEB-INF/plugins/de.protin.support.pr.api_1.0.0.jar] to the cache because there was insufficient free space available after evicting expired cache entries - consider increasing the maximum size of the cache
17-Mar-2021 08:07:19.521 WARNING [localhost-startStop-1] org.apache.catalina.webresources.Cache.getResource Unable to add the resource at [/WEB-INF/plugins/de.protin.support.pr.domain_1.0.0.jar] to the cache because there was insufficient free space available after evicting expired cache entries - consider increasing the maximum size of the cache
17-Mar-2021 08:07:19.537 WARNING [localhost-startStop-1] org.apache.catalina.webresources.Cache.getResource Unable to add the resource at [/WEB-INF/plugins/de.protin.support.pr.services.impl_1.0.0.jar] to the cache because there was insufficient free space available after evicting expired cache entries - consider increasing the maximum size of the cache
17-Mar-2021 08:07:19.599 WARNING [localhost-startStop-1] org.apache.catalina.webresources.Cache.getResource Unable to add the resource at [/WEB-INF/plugins/org.eclipse.core.expressions_3.6.600.v20191122-2104.jar] to the cache because there was insufficient free space available after evicting expired cache entries - consider increasing the maximum size of the cache
17-Mar-2021 08:07:19.615 WARNING [localhost-startStop-1] org.apache.catalina.webresources.Cache.getResource Unable to add the resource at [/WEB-INF/plugins/org.eclipse.equinox.cm_1.4.200.v20191001-1333.jar] to the cache because there was insufficient free space available after evicting expired cache entries - consider increasing the maximum size of the cache
17-Mar-2021 08:07:23.324 INFO [localhost-startStop-1] org.apache.catalina.startup.HostConfig.deployWAR Deployment of web application archive C:\Projekte\ProtinSupport\Github\ER-Software\Versorgungsauskunft-Rechner\Web\apache-tomcat-8.0.36\webapps\demo.war has finished in 7,250 ms
17-Mar-2021 08:07:23.324 INFO [localhost-startStop-1] org.apache.catalina.startup.HostConfig.deployDirectory Deploying web application directory C:\Projekte\ProtinSupport\Github\ER-Software\Versorgungsauskunft-Rechner\Web\apache-tomcat-8.0.36\webapps\docs
17-Mar-2021 08:07:23.340 INFO [localhost-startStop-1] org.apache.catalina.startup.HostConfig.deployDirectory Deployment of web application directory C:\Projekte\ProtinSupport\Github\ER-Software\Versorgungsauskunft-Rechner\Web\apache-tomcat-8.0.36\webapps\docs has finished in 16 ms
17-Mar-2021 08:07:23.340 INFO [localhost-startStop-1] org.apache.catalina.startup.HostConfig.deployDirectory Deploying web application directory C:\Projekte\ProtinSupport\Github\ER-Software\Versorgungsauskunft-Rechner\Web\apache-tomcat-8.0.36\webapps\examples
17-Mar-2021 08:07:24.358 INFO [localhost-startStop-1] org.apache.catalina.startup.HostConfig.deployDirectory Deployment of web application directory C:\Projekte\ProtinSupport\Github\ER-Software\Versorgungsauskunft-Rechner\Web\apache-tomcat-8.0.36\webapps\examples has finished in 1,018 ms
17-Mar-2021 08:07:24.358 INFO [localhost-startStop-1] org.apache.catalina.startup.HostConfig.deployDirectory Deploying web application directory C:\Projekte\ProtinSupport\Github\ER-Software\Versorgungsauskunft-Rechner\Web\apache-tomcat-8.0.36\webapps\host-manager
17-Mar-2021 08:07:24.405 INFO [localhost-startStop-1] org.apache.catalina.startup.HostConfig.deployDirectory Deployment of web application directory C:\Projekte\ProtinSupport\Github\ER-Software\Versorgungsauskunft-Rechner\Web\apache-tomcat-8.0.36\webapps\host-manager has finished in 47 ms
17-Mar-2021 08:07:24.405 INFO [localhost-startStop-1] org.apache.catalina.startup.HostConfig.deployDirectory Deploying web application directory C:\Projekte\ProtinSupport\Github\ER-Software\Versorgungsauskunft-Rechner\Web\apache-tomcat-8.0.36\webapps\manager
17-Mar-2021 08:07:24.436 INFO [localhost-startStop-1] org.apache.catalina.startup.HostConfig.deployDirectory Deployment of web application directory C:\Projekte\ProtinSupport\Github\ER-Software\Versorgungsauskunft-Rechner\Web\apache-tomcat-8.0.36\webapps\manager has finished in 31 ms
17-Mar-2021 08:07:24.436 INFO [localhost-startStop-1] org.apache.catalina.startup.HostConfig.deployDirectory Deploying web application directory C:\Projekte\ProtinSupport\Github\ER-Software\Versorgungsauskunft-Rechner\Web\apache-tomcat-8.0.36\webapps\ROOT
17-Mar-2021 08:07:24.452 INFO [localhost-startStop-1] org.apache.catalina.startup.HostConfig.deployDirectory Deployment of web application directory C:\Projekte\ProtinSupport\Github\ER-Software\Versorgungsauskunft-Rechner\Web\apache-tomcat-8.0.36\webapps\ROOT has finished in 16 ms
17-Mar-2021 08:07:24.452 INFO [main] org.apache.coyote.AbstractProtocol.start Starting ProtocolHandler ["http-nio-8080"]
17-Mar-2021 08:07:24.467 INFO [main] org.apache.coyote.AbstractProtocol.start Starting ProtocolHandler ["ajp-nio-8009"]
17-Mar-2021 08:07:24.467 INFO [main] org.apache.catalina.startup.Catalina.start Server startup in 8469 ms
17-Mar-2021 08:07:35.801 INFO [main] org.apache.catalina.core.StandardServer.await A valid shutdown command was received via the shutdown port. Stopping the Server instance.
17-Mar-2021 08:07:35.801 INFO [main] org.apache.coyote.AbstractProtocol.pause Pausing ProtocolHandler ["http-nio-8080"]
17-Mar-2021 08:07:35.865 INFO [main] org.apache.coyote.AbstractProtocol.pause Pausing ProtocolHandler ["ajp-nio-8009"]
17-Mar-2021 08:07:35.927 INFO [main] org.apache.catalina.core.StandardService.stopInternal Stopping service Catalina
17-Mar-2021 08:07:36.452 SEVERE [localhost-startStop-2] org.apache.catalina.loader.WebappClassLoaderBase.checkThreadLocalMapForLeaks The web application [demo] created a ThreadLocal with key of type [java.lang.ThreadLocal] (value [java.lang.ThreadLocal@221a3b4e]) and a value of type [org.eclipse.osgi.internal.weaving.WeavingHookConfigurator.WovenClassContext] (value [org.eclipse.osgi.internal.weaving.WeavingHookConfigurator$WovenClassContext@3dfce0fc]) but failed to remove it when the web application was stopped. Threads are going to be renewed over time to try and avoid a probable memory leak.
17-Mar-2021 08:07:36.452 SEVERE [localhost-startStop-2] org.apache.catalina.loader.WebappClassLoaderBase.checkThreadLocalMapForLeaks The web application [demo] created a ThreadLocal with key of type [java.lang.ThreadLocal] (value [java.lang.ThreadLocal@7454fe55]) and a value of type [org.eclipse.osgi.internal.loader.classpath.ClasspathManager.DefineContext] (value [org.eclipse.osgi.internal.loader.classpath.ClasspathManager$DefineContext@46425d91]) but failed to remove it when the web application was stopped. Threads are going to be renewed over time to try and avoid a probable memory leak.
17-Mar-2021 08:07:36.452 SEVERE [localhost-startStop-2] org.apache.catalina.loader.WebappClassLoaderBase.checkThreadLocalMapForLeaks The web application [demo] created a ThreadLocal with key of type [java.lang.ThreadLocal] (value [java.lang.ThreadLocal@3571ce5c]) and a value of type [org.eclipse.osgi.internal.loader.classpath.ClasspathManager.DefineContext] (value [org.eclipse.osgi.internal.loader.classpath.ClasspathManager$DefineContext@6fd0330e]) but failed to remove it when the web application was stopped. Threads are going to be renewed over time to try and avoid a probable memory leak.
17-Mar-2021 08:07:36.468 INFO [main] org.apache.coyote.AbstractProtocol.stop Stopping ProtocolHandler ["http-nio-8080"]
17-Mar-2021 08:07:36.468 INFO [main] org.apache.coyote.AbstractProtocol.stop Stopping ProtocolHandler ["ajp-nio-8009"]
17-Mar-2021 08:07:36.468 INFO [main] org.apache.coyote.AbstractProtocol.destroy Destroying ProtocolHandler ["http-nio-8080"]
17-Mar-2021 08:07:36.468 INFO [main] org.apache.coyote.AbstractProtocol.destroy Destroying ProtocolHandler ["ajp-nio-8009"]
17-Mar-2021 08:07:48.681 SEVERE [main] org.apache.catalina.startup.Catalina.stopServer Could not contact localhost:8005. Tomcat may not be running.
17-Mar-2021 08:07:48.681 SEVERE [main] org.apache.catalina.startup.Catalina.stopServer Catalina.stop: 
 java.net.ConnectException: Connection refused: connect
	at java.net.DualStackPlainSocketImpl.connect0(Native Method)
	at java.net.DualStackPlainSocketImpl.socketConnect(DualStackPlainSocketImpl.java:79)
	at java.net.AbstractPlainSocketImpl.doConnect(AbstractPlainSocketImpl.java:350)
	at java.net.AbstractPlainSocketImpl.connectToAddress(AbstractPlainSocketImpl.java:206)
	at java.net.AbstractPlainSocketImpl.connect(AbstractPlainSocketImpl.java:188)
	at java.net.PlainSocketImpl.connect(PlainSocketImpl.java:172)
	at java.net.SocksSocketImpl.connect(SocksSocketImpl.java:392)
	at java.net.Socket.connect(Socket.java:589)
	at java.net.Socket.connect(Socket.java:538)
	at java.net.Socket.<init>(Socket.java:434)
	at java.net.Socket.<init>(Socket.java:211)
	at org.apache.catalina.startup.Catalina.stopServer(Catalina.java:450)
	at sun.reflect.NativeMethodAccessorImpl.invoke0(Native Method)
	at sun.reflect.NativeMethodAccessorImpl.invoke(NativeMethodAccessorImpl.java:62)
	at sun.reflect.DelegatingMethodAccessorImpl.invoke(DelegatingMethodAccessorImpl.java:43)
	at java.lang.reflect.Method.invoke(Method.java:498)
	at org.apache.catalina.startup.Bootstrap.stopServer(Bootstrap.java:400)
	at org.apache.catalina.startup.Bootstrap.main(Bootstrap.java:487)

17-Mar-2021 08:08:05.743 INFO [main] org.apache.catalina.startup.VersionLoggerListener.log Server version:        Apache Tomcat/8.0.36
17-Mar-2021 08:08:05.743 INFO [main] org.apache.catalina.startup.VersionLoggerListener.log Server built:          Jun 9 2016 13:55:50 UTC
17-Mar-2021 08:08:05.743 INFO [main] org.apache.catalina.startup.VersionLoggerListener.log Server number:         8.0.36.0
17-Mar-2021 08:08:05.743 INFO [main] org.apache.catalina.startup.VersionLoggerListener.log OS Name:               Windows 10
17-Mar-2021 08:08:05.743 INFO [main] org.apache.catalina.startup.VersionLoggerListener.log OS Version:            10.0
17-Mar-2021 08:08:05.743 INFO [main] org.apache.catalina.startup.VersionLoggerListener.log Architecture:          amd64
17-Mar-2021 08:08:05.743 INFO [main] org.apache.catalina.startup.VersionLoggerListener.log Java Home:             C:\Projekte\ProtinSupport\Github\ER-Software\Versorgungsauskunft-Rechner\Java-JRE\jre_1.8.0-131
17-Mar-2021 08:08:05.743 INFO [main] org.apache.catalina.startup.VersionLoggerListener.log JVM Version:           1.8.0_131-b11
17-Mar-2021 08:08:05.743 INFO [main] org.apache.catalina.startup.VersionLoggerListener.log JVM Vendor:            Oracle Corporation
17-Mar-2021 08:08:05.743 INFO [main] org.apache.catalina.startup.VersionLoggerListener.log CATALINA_BASE:         C:\Projekte\ProtinSupport\Github\ER-Software\Versorgungsauskunft-Rechner\Web\apache-tomcat-8.0.36
17-Mar-2021 08:08:05.743 INFO [main] org.apache.catalina.startup.VersionLoggerListener.log CATALINA_HOME:         C:\Projekte\ProtinSupport\Github\ER-Software\Versorgungsauskunft-Rechner\Web\apache-tomcat-8.0.36
17-Mar-2021 08:08:05.743 INFO [main] org.apache.catalina.startup.VersionLoggerListener.log Command line argument: -Djdk.tls.ephemeralDHKeySize=2048
17-Mar-2021 08:08:05.743 INFO [main] org.apache.catalina.startup.VersionLoggerListener.log Command line argument: -Djava.util.logging.config.file=C:\Projekte\ProtinSupport\Github\ER-Software\Versorgungsauskunft-Rechner\Web\apache-tomcat-8.0.36\conf\logging.properties
17-Mar-2021 08:08:05.743 INFO [main] org.apache.catalina.startup.VersionLoggerListener.log Command line argument: -Djava.util.logging.manager=org.apache.juli.ClassLoaderLogManager
17-Mar-2021 08:08:05.743 INFO [main] org.apache.catalina.startup.VersionLoggerListener.log Command line argument: -Djava.endorsed.dirs=C:\Projekte\ProtinSupport\Github\ER-Software\Versorgungsauskunft-Rechner\Web\apache-tomcat-8.0.36\endorsed
17-Mar-2021 08:08:05.743 INFO [main] org.apache.catalina.startup.VersionLoggerListener.log Command line argument: -Dcatalina.base=C:\Projekte\ProtinSupport\Github\ER-Software\Versorgungsauskunft-Rechner\Web\apache-tomcat-8.0.36
17-Mar-2021 08:08:05.743 INFO [main] org.apache.catalina.startup.VersionLoggerListener.log Command line argument: -Dcatalina.home=C:\Projekte\ProtinSupport\Github\ER-Software\Versorgungsauskunft-Rechner\Web\apache-tomcat-8.0.36
17-Mar-2021 08:08:05.743 INFO [main] org.apache.catalina.startup.VersionLoggerListener.log Command line argument: -Djava.io.tmpdir=C:\Projekte\ProtinSupport\Github\ER-Software\Versorgungsauskunft-Rechner\Web\apache-tomcat-8.0.36\temp
17-Mar-2021 08:08:05.743 INFO [main] org.apache.catalina.core.AprLifecycleListener.lifecycleEvent The APR based Apache Tomcat Native library which allows optimal performance in production environments was not found on the java.library.path: C:\Projekte\ProtinSupport\Github\ER-Software\Versorgungsauskunft-Rechner\Java-JRE\jre_1.8.0-131\bin;C:\WINDOWS\Sun\Java\bin;C:\WINDOWS\system32;C:\WINDOWS;C:\Work\Programme\Datenbank\Oracle\product\18.0.0\dbhomeXE\bin;C:\WINDOWS\system32;C:\WINDOWS;C:\WINDOWS\System32\Wbem;C:\WINDOWS\System32\WindowsPowerShell\v1.0\;C:\WINDOWS\System32\OpenSSH\;C:\Program Files\Intel\WiFi\bin\;C:\Program Files\Common Files\Intel\WirelessCommon\;C:\Program Files (x86)\Intel\Intel(R) Management Engine Components\DAL;C:\Program Files\Intel\Intel(R) Management Engine Components\DAL;C:\Program Files (x86)\HP\Common\HPDestPlgIn\;C:\Program Files\PuTTY\;C:\Users\Precision\AppData\Local\Microsoft\WindowsApps;C:\Work\Programme\JDK\jdk1.8.0_131\bin;C:\Work\Programme\GIT\Git\bin;C:\Program Files (x86)\HP\Common\HPDestPlgIn\;.
17-Mar-2021 08:08:05.874 INFO [main] org.apache.coyote.AbstractProtocol.init Initializing ProtocolHandler ["http-nio-8080"]
17-Mar-2021 08:08:06.116 INFO [main] org.apache.tomcat.util.net.NioSelectorPool.getSharedSelector Using a shared selector for servlet write/read
17-Mar-2021 08:08:06.131 INFO [main] org.apache.coyote.AbstractProtocol.init Initializing ProtocolHandler ["ajp-nio-8009"]
17-Mar-2021 08:08:06.131 INFO [main] org.apache.tomcat.util.net.NioSelectorPool.getSharedSelector Using a shared selector for servlet write/read
17-Mar-2021 08:08:06.131 INFO [main] org.apache.catalina.startup.Catalina.load Initialization processed in 722 ms
17-Mar-2021 08:08:06.147 INFO [main] org.apache.catalina.core.StandardService.startInternal Starting service Catalina
17-Mar-2021 08:08:06.147 INFO [main] org.apache.catalina.core.StandardEngine.startInternal Starting Servlet Engine: Apache Tomcat/8.0.36
17-Mar-2021 08:08:06.178 INFO [localhost-startStop-1] org.apache.catalina.startup.HostConfig.deployWAR Deploying web application archive C:\Projekte\ProtinSupport\Github\ER-Software\Versorgungsauskunft-Rechner\Web\apache-tomcat-8.0.36\webapps\demo.war
17-Mar-2021 08:08:06.444 INFO [localhost-startStop-1] org.apache.jasper.servlet.TldScanner.scanJars At least one JAR was scanned for TLDs yet contained no TLDs. Enable debug logging for this logger for a complete list of JARs that were scanned but no TLDs were found in them. Skipping unneeded JARs during scanning can improve startup time and JSP compilation time.
17-Mar-2021 08:08:08.459 INFO [localhost-startStop-1] org.apache.catalina.startup.HostConfig.deployWAR Deployment of web application archive C:\Projekte\ProtinSupport\Github\ER-Software\Versorgungsauskunft-Rechner\Web\apache-tomcat-8.0.36\webapps\demo.war has finished in 2,281 ms
17-Mar-2021 08:08:08.459 INFO [localhost-startStop-1] org.apache.catalina.startup.HostConfig.deployDirectory Deploying web application directory C:\Projekte\ProtinSupport\Github\ER-Software\Versorgungsauskunft-Rechner\Web\apache-tomcat-8.0.36\webapps\docs
17-Mar-2021 08:08:08.490 INFO [localhost-startStop-1] org.apache.catalina.startup.HostConfig.deployDirectory Deployment of web application directory C:\Projekte\ProtinSupport\Github\ER-Software\Versorgungsauskunft-Rechner\Web\apache-tomcat-8.0.36\webapps\docs has finished in 31 ms
17-Mar-2021 08:08:08.490 INFO [localhost-startStop-1] org.apache.catalina.startup.HostConfig.deployDirectory Deploying web application directory C:\Projekte\ProtinSupport\Github\ER-Software\Versorgungsauskunft-Rechner\Web\apache-tomcat-8.0.36\webapps\examples
17-Mar-2021 08:08:08.724 INFO [localhost-startStop-1] org.apache.catalina.startup.HostConfig.deployDirectory Deployment of web application directory C:\Projekte\ProtinSupport\Github\ER-Software\Versorgungsauskunft-Rechner\Web\apache-tomcat-8.0.36\webapps\examples has finished in 234 ms
17-Mar-2021 08:08:08.724 INFO [localhost-startStop-1] org.apache.catalina.startup.HostConfig.deployDirectory Deploying web application directory C:\Projekte\ProtinSupport\Github\ER-Software\Versorgungsauskunft-Rechner\Web\apache-tomcat-8.0.36\webapps\host-manager
17-Mar-2021 08:08:08.755 INFO [localhost-startStop-1] org.apache.catalina.startup.HostConfig.deployDirectory Deployment of web application directory C:\Projekte\ProtinSupport\Github\ER-Software\Versorgungsauskunft-Rechner\Web\apache-tomcat-8.0.36\webapps\host-manager has finished in 31 ms
17-Mar-2021 08:08:08.755 INFO [localhost-startStop-1] org.apache.catalina.startup.HostConfig.deployDirectory Deploying web application directory C:\Projekte\ProtinSupport\Github\ER-Software\Versorgungsauskunft-Rechner\Web\apache-tomcat-8.0.36\webapps\manager
17-Mar-2021 08:08:08.771 INFO [localhost-startStop-1] org.apache.catalina.startup.HostConfig.deployDirectory Deployment of web application directory C:\Projekte\ProtinSupport\Github\ER-Software\Versorgungsauskunft-Rechner\Web\apache-tomcat-8.0.36\webapps\manager has finished in 16 ms
17-Mar-2021 08:08:08.771 INFO [localhost-startStop-1] org.apache.catalina.startup.HostConfig.deployDirectory Deploying web application directory C:\Projekte\ProtinSupport\Github\ER-Software\Versorgungsauskunft-Rechner\Web\apache-tomcat-8.0.36\webapps\ROOT
17-Mar-2021 08:08:08.798 INFO [localhost-startStop-1] org.apache.catalina.startup.HostConfig.deployDirectory Deployment of web application directory C:\Projekte\ProtinSupport\Github\ER-Software\Versorgungsauskunft-Rechner\Web\apache-tomcat-8.0.36\webapps\ROOT has finished in 27 ms
17-Mar-2021 08:08:08.801 INFO [main] org.apache.coyote.AbstractProtocol.start Starting ProtocolHandler ["http-nio-8080"]
17-Mar-2021 08:08:08.808 INFO [main] org.apache.coyote.AbstractProtocol.start Starting ProtocolHandler ["ajp-nio-8009"]
17-Mar-2021 08:08:08.810 INFO [main] org.apache.catalina.startup.Catalina.start Server startup in 2675 ms
17-Mar-2021 08:08:30.383 INFO [Thread-14] org.apache.coyote.AbstractProtocol.pause Pausing ProtocolHandler ["http-nio-8080"]
17-Mar-2021 08:08:30.446 INFO [Thread-14] org.apache.coyote.AbstractProtocol.pause Pausing ProtocolHandler ["ajp-nio-8009"]
17-Mar-2021 08:08:30.509 INFO [Thread-14] org.apache.catalina.core.StandardService.stopInternal Stopping service Catalina
17-Mar-2021 08:08:30.743 INFO [Thread-14] org.apache.coyote.AbstractProtocol.stop Stopping ProtocolHandler ["http-nio-8080"]
17-Mar-2021 08:08:30.743 INFO [Thread-14] org.apache.coyote.AbstractProtocol.stop Stopping ProtocolHandler ["ajp-nio-8009"]
17-Mar-2021 08:08:30.743 INFO [Thread-14] org.apache.coyote.AbstractProtocol.destroy Destroying ProtocolHandler ["http-nio-8080"]
17-Mar-2021 08:08:30.743 INFO [Thread-14] org.apache.coyote.AbstractProtocol.destroy Destroying ProtocolHandler ["ajp-nio-8009"]
17-Mar-2021 08:08:44.274 INFO [main] org.apache.catalina.startup.VersionLoggerListener.log Server version:        Apache Tomcat/8.0.36
17-Mar-2021 08:08:44.274 INFO [main] org.apache.catalina.startup.VersionLoggerListener.log Server built:          Jun 9 2016 13:55:50 UTC
17-Mar-2021 08:08:44.274 INFO [main] org.apache.catalina.startup.VersionLoggerListener.log Server number:         8.0.36.0
17-Mar-2021 08:08:44.274 INFO [main] org.apache.catalina.startup.VersionLoggerListener.log OS Name:               Windows 10
17-Mar-2021 08:08:44.274 INFO [main] org.apache.catalina.startup.VersionLoggerListener.log OS Version:            10.0
17-Mar-2021 08:08:44.274 INFO [main] org.apache.catalina.startup.VersionLoggerListener.log Architecture:          amd64
17-Mar-2021 08:08:44.274 INFO [main] org.apache.catalina.startup.VersionLoggerListener.log Java Home:             C:\Projekte\ProtinSupport\Github\ER-Software\Versorgungsauskunft-Rechner\Java-JRE\jre_1.8.0-131
17-Mar-2021 08:08:44.274 INFO [main] org.apache.catalina.startup.VersionLoggerListener.log JVM Version:           1.8.0_131-b11
17-Mar-2021 08:08:44.274 INFO [main] org.apache.catalina.startup.VersionLoggerListener.log JVM Vendor:            Oracle Corporation
17-Mar-2021 08:08:44.274 INFO [main] org.apache.catalina.startup.VersionLoggerListener.log CATALINA_BASE:         C:\Projekte\ProtinSupport\Github\ER-Software\Versorgungsauskunft-Rechner\Web\apache-tomcat-8.0.36
17-Mar-2021 08:08:44.274 INFO [main] org.apache.catalina.startup.VersionLoggerListener.log CATALINA_HOME:         C:\Projekte\ProtinSupport\Github\ER-Software\Versorgungsauskunft-Rechner\Web\apache-tomcat-8.0.36
17-Mar-2021 08:08:44.274 INFO [main] org.apache.catalina.startup.VersionLoggerListener.log Command line argument: -Djdk.tls.ephemeralDHKeySize=2048
17-Mar-2021 08:08:44.274 INFO [main] org.apache.catalina.startup.VersionLoggerListener.log Command line argument: -Djava.util.logging.config.file=C:\Projekte\ProtinSupport\Github\ER-Software\Versorgungsauskunft-Rechner\Web\apache-tomcat-8.0.36\conf\logging.properties
17-Mar-2021 08:08:44.274 INFO [main] org.apache.catalina.startup.VersionLoggerListener.log Command line argument: -Djava.util.logging.manager=org.apache.juli.ClassLoaderLogManager
17-Mar-2021 08:08:44.290 INFO [main] org.apache.catalina.startup.VersionLoggerListener.log Command line argument: -Djava.endorsed.dirs=C:\Projekte\ProtinSupport\Github\ER-Software\Versorgungsauskunft-Rechner\Web\apache-tomcat-8.0.36\endorsed
17-Mar-2021 08:08:44.290 INFO [main] org.apache.catalina.startup.VersionLoggerListener.log Command line argument: -Dcatalina.base=C:\Projekte\ProtinSupport\Github\ER-Software\Versorgungsauskunft-Rechner\Web\apache-tomcat-8.0.36
17-Mar-2021 08:08:44.290 INFO [main] org.apache.catalina.startup.VersionLoggerListener.log Command line argument: -Dcatalina.home=C:\Projekte\ProtinSupport\Github\ER-Software\Versorgungsauskunft-Rechner\Web\apache-tomcat-8.0.36
17-Mar-2021 08:08:44.290 INFO [main] org.apache.catalina.startup.VersionLoggerListener.log Command line argument: -Djava.io.tmpdir=C:\Projekte\ProtinSupport\Github\ER-Software\Versorgungsauskunft-Rechner\Web\apache-tomcat-8.0.36\temp
17-Mar-2021 08:08:44.290 INFO [main] org.apache.catalina.core.AprLifecycleListener.lifecycleEvent The APR based Apache Tomcat Native library which allows optimal performance in production environments was not found on the java.library.path: C:\Projekte\ProtinSupport\Github\ER-Software\Versorgungsauskunft-Rechner\Java-JRE\jre_1.8.0-131\bin;C:\WINDOWS\Sun\Java\bin;C:\WINDOWS\system32;C:\WINDOWS;C:\Work\Programme\Datenbank\Oracle\product\18.0.0\dbhomeXE\bin;C:\WINDOWS\system32;C:\WINDOWS;C:\WINDOWS\System32\Wbem;C:\WINDOWS\System32\WindowsPowerShell\v1.0\;C:\WINDOWS\System32\OpenSSH\;C:\Program Files\Intel\WiFi\bin\;C:\Program Files\Common Files\Intel\WirelessCommon\;C:\Program Files (x86)\Intel\Intel(R) Management Engine Components\DAL;C:\Program Files\Intel\Intel(R) Management Engine Components\DAL;C:\Program Files (x86)\HP\Common\HPDestPlgIn\;C:\Program Files\PuTTY\;C:\Users\Precision\AppData\Local\Microsoft\WindowsApps;C:\Work\Programme\JDK\jdk1.8.0_131\bin;C:\Work\Programme\GIT\Git\bin;C:\Program Files (x86)\HP\Common\HPDestPlgIn\;.
17-Mar-2021 08:08:44.415 INFO [main] org.apache.coyote.AbstractProtocol.init Initializing ProtocolHandler ["http-nio-8080"]
17-Mar-2021 08:08:44.664 INFO [main] org.apache.tomcat.util.net.NioSelectorPool.getSharedSelector Using a shared selector for servlet write/read
17-Mar-2021 08:08:44.664 INFO [main] org.apache.coyote.AbstractProtocol.init Initializing ProtocolHandler ["ajp-nio-8009"]
17-Mar-2021 08:08:44.664 INFO [main] org.apache.tomcat.util.net.NioSelectorPool.getSharedSelector Using a shared selector for servlet write/read
17-Mar-2021 08:08:44.664 INFO [main] org.apache.catalina.startup.Catalina.load Initialization processed in 708 ms
17-Mar-2021 08:08:44.680 INFO [main] org.apache.catalina.core.StandardService.startInternal Starting service Catalina
17-Mar-2021 08:08:44.680 INFO [main] org.apache.catalina.core.StandardEngine.startInternal Starting Servlet Engine: Apache Tomcat/8.0.36
17-Mar-2021 08:08:44.711 INFO [localhost-startStop-1] org.apache.catalina.startup.HostConfig.deployWAR Deploying web application archive C:\Projekte\ProtinSupport\Github\ER-Software\Versorgungsauskunft-Rechner\Web\apache-tomcat-8.0.36\webapps\demo.war
17-Mar-2021 08:08:44.990 INFO [localhost-startStop-1] org.apache.jasper.servlet.TldScanner.scanJars At least one JAR was scanned for TLDs yet contained no TLDs. Enable debug logging for this logger for a complete list of JARs that were scanned but no TLDs were found in them. Skipping unneeded JARs during scanning can improve startup time and JSP compilation time.
17-Mar-2021 08:08:46.887 INFO [localhost-startStop-1] org.apache.catalina.startup.HostConfig.deployWAR Deployment of web application archive C:\Projekte\ProtinSupport\Github\ER-Software\Versorgungsauskunft-Rechner\Web\apache-tomcat-8.0.36\webapps\demo.war has finished in 2,176 ms
17-Mar-2021 08:08:46.887 INFO [localhost-startStop-1] org.apache.catalina.startup.HostConfig.deployDirectory Deploying web application directory C:\Projekte\ProtinSupport\Github\ER-Software\Versorgungsauskunft-Rechner\Web\apache-tomcat-8.0.36\webapps\docs
17-Mar-2021 08:08:46.903 INFO [localhost-startStop-1] org.apache.catalina.startup.HostConfig.deployDirectory Deployment of web application directory C:\Projekte\ProtinSupport\Github\ER-Software\Versorgungsauskunft-Rechner\Web\apache-tomcat-8.0.36\webapps\docs has finished in 16 ms
17-Mar-2021 08:08:46.903 INFO [localhost-startStop-1] org.apache.catalina.startup.HostConfig.deployDirectory Deploying web application directory C:\Projekte\ProtinSupport\Github\ER-Software\Versorgungsauskunft-Rechner\Web\apache-tomcat-8.0.36\webapps\examples
17-Mar-2021 08:08:47.168 INFO [localhost-startStop-1] org.apache.catalina.startup.HostConfig.deployDirectory Deployment of web application directory C:\Projekte\ProtinSupport\Github\ER-Software\Versorgungsauskunft-Rechner\Web\apache-tomcat-8.0.36\webapps\examples has finished in 265 ms
17-Mar-2021 08:08:47.168 INFO [localhost-startStop-1] org.apache.catalina.startup.HostConfig.deployDirectory Deploying web application directory C:\Projekte\ProtinSupport\Github\ER-Software\Versorgungsauskunft-Rechner\Web\apache-tomcat-8.0.36\webapps\host-manager
17-Mar-2021 08:08:47.200 INFO [localhost-startStop-1] org.apache.catalina.startup.HostConfig.deployDirectory Deployment of web application directory C:\Projekte\ProtinSupport\Github\ER-Software\Versorgungsauskunft-Rechner\Web\apache-tomcat-8.0.36\webapps\host-manager has finished in 32 ms
17-Mar-2021 08:08:47.200 INFO [localhost-startStop-1] org.apache.catalina.startup.HostConfig.deployDirectory Deploying web application directory C:\Projekte\ProtinSupport\Github\ER-Software\Versorgungsauskunft-Rechner\Web\apache-tomcat-8.0.36\webapps\manager
17-Mar-2021 08:08:47.215 INFO [localhost-startStop-1] org.apache.catalina.startup.HostConfig.deployDirectory Deployment of web application directory C:\Projekte\ProtinSupport\Github\ER-Software\Versorgungsauskunft-Rechner\Web\apache-tomcat-8.0.36\webapps\manager has finished in 15 ms
17-Mar-2021 08:08:47.215 INFO [localhost-startStop-1] org.apache.catalina.startup.HostConfig.deployDirectory Deploying web application directory C:\Projekte\ProtinSupport\Github\ER-Software\Versorgungsauskunft-Rechner\Web\apache-tomcat-8.0.36\webapps\ROOT
17-Mar-2021 08:08:47.246 INFO [localhost-startStop-1] org.apache.catalina.startup.HostConfig.deployDirectory Deployment of web application directory C:\Projekte\ProtinSupport\Github\ER-Software\Versorgungsauskunft-Rechner\Web\apache-tomcat-8.0.36\webapps\ROOT has finished in 31 ms
17-Mar-2021 08:08:47.246 INFO [main] org.apache.coyote.AbstractProtocol.start Starting ProtocolHandler ["http-nio-8080"]
17-Mar-2021 08:08:47.246 INFO [main] org.apache.coyote.AbstractProtocol.start Starting ProtocolHandler ["ajp-nio-8009"]
17-Mar-2021 08:08:47.246 INFO [main] org.apache.catalina.startup.Catalina.start Server startup in 2581 ms
17-Mar-2021 08:44:56.734 INFO [Thread-14] org.apache.coyote.AbstractProtocol.pause Pausing ProtocolHandler ["http-nio-8080"]
17-Mar-2021 08:44:56.812 INFO [Thread-14] org.apache.coyote.AbstractProtocol.pause Pausing ProtocolHandler ["ajp-nio-8009"]
17-Mar-2021 08:44:56.872 INFO [Thread-14] org.apache.catalina.core.StandardService.stopInternal Stopping service Catalina
17-Mar-2021 08:44:56.903 INFO [localhost-startStop-2] org.apache.catalina.core.StandardWrapper.unload Waiting for 1 instance(s) to be deallocated for Servlet [equinoxbridgeservlet]
17-Mar-2021 08:44:58.001 INFO [localhost-startStop-2] org.apache.catalina.core.StandardWrapper.unload Waiting for 1 instance(s) to be deallocated for Servlet [equinoxbridgeservlet]
17-Mar-2021 08:44:59.096 INFO [localhost-startStop-2] org.apache.catalina.core.StandardWrapper.unload Waiting for 1 instance(s) to be deallocated for Servlet [equinoxbridgeservlet]
