16-Mar-2021 12:29:50.543 INFO [main] org.apache.catalina.startup.VersionLoggerListener.log Server version:        Apache Tomcat/8.0.36
16-Mar-2021 12:29:50.559 INFO [main] org.apache.catalina.startup.VersionLoggerListener.log Server built:          Jun 9 2016 13:55:50 UTC
16-Mar-2021 12:29:50.574 INFO [main] org.apache.catalina.startup.VersionLoggerListener.log Server number:         8.0.36.0
16-Mar-2021 12:29:50.574 INFO [main] org.apache.catalina.startup.VersionLoggerListener.log OS Name:               Windows 10
16-Mar-2021 12:29:50.574 INFO [main] org.apache.catalina.startup.VersionLoggerListener.log OS Version:            10.0
16-Mar-2021 12:29:50.574 INFO [main] org.apache.catalina.startup.VersionLoggerListener.log Architecture:          amd64
16-Mar-2021 12:29:50.574 INFO [main] org.apache.catalina.startup.VersionLoggerListener.log Java Home:             C:\Work\Programme\JDK\jdk1.8.0_131\jre
16-Mar-2021 12:29:50.574 INFO [main] org.apache.catalina.startup.VersionLoggerListener.log JVM Version:           1.8.0_131-b11
16-Mar-2021 12:29:50.574 INFO [main] org.apache.catalina.startup.VersionLoggerListener.log JVM Vendor:            Oracle Corporation
16-Mar-2021 12:29:50.574 INFO [main] org.apache.catalina.startup.VersionLoggerListener.log CATALINA_BASE:         C:\Projekte\ProtinSupport\Github\ER-Software\Versorgungsauskunft-Rechner\Web\Tomcat\apache-tomcat-8.0.36
16-Mar-2021 12:29:50.574 INFO [main] org.apache.catalina.startup.VersionLoggerListener.log CATALINA_HOME:         C:\Projekte\ProtinSupport\Github\ER-Software\Versorgungsauskunft-Rechner\Web\Tomcat\apache-tomcat-8.0.36
16-Mar-2021 12:29:50.574 INFO [main] org.apache.catalina.startup.VersionLoggerListener.log Command line argument: -Djdk.tls.ephemeralDHKeySize=2048
16-Mar-2021 12:29:50.574 INFO [main] org.apache.catalina.startup.VersionLoggerListener.log Command line argument: -Djava.util.logging.config.file=C:\Projekte\ProtinSupport\Github\ER-Software\Versorgungsauskunft-Rechner\Web\Tomcat\apache-tomcat-8.0.36\conf\logging.properties
16-Mar-2021 12:29:50.574 INFO [main] org.apache.catalina.startup.VersionLoggerListener.log Command line argument: -Djava.util.logging.manager=org.apache.juli.ClassLoaderLogManager
16-Mar-2021 12:29:50.574 INFO [main] org.apache.catalina.startup.VersionLoggerListener.log Command line argument: -Djava.endorsed.dirs=C:\Projekte\ProtinSupport\Github\ER-Software\Versorgungsauskunft-Rechner\Web\Tomcat\apache-tomcat-8.0.36\endorsed
16-Mar-2021 12:29:50.574 INFO [main] org.apache.catalina.startup.VersionLoggerListener.log Command line argument: -Dcatalina.base=C:\Projekte\ProtinSupport\Github\ER-Software\Versorgungsauskunft-Rechner\Web\Tomcat\apache-tomcat-8.0.36
16-Mar-2021 12:29:50.574 INFO [main] org.apache.catalina.startup.VersionLoggerListener.log Command line argument: -Dcatalina.home=C:\Projekte\ProtinSupport\Github\ER-Software\Versorgungsauskunft-Rechner\Web\Tomcat\apache-tomcat-8.0.36
16-Mar-2021 12:29:50.574 INFO [main] org.apache.catalina.startup.VersionLoggerListener.log Command line argument: -Djava.io.tmpdir=C:\Projekte\ProtinSupport\Github\ER-Software\Versorgungsauskunft-Rechner\Web\Tomcat\apache-tomcat-8.0.36\temp
16-Mar-2021 12:29:50.574 INFO [main] org.apache.catalina.core.AprLifecycleListener.lifecycleEvent The APR based Apache Tomcat Native library which allows optimal performance in production environments was not found on the java.library.path: C:\Work\Programme\JDK\jdk1.8.0_131\bin;C:\WINDOWS\Sun\Java\bin;C:\WINDOWS\system32;C:\WINDOWS;C:\Work\Programme\Datenbank\Oracle\product\18.0.0\dbhomeXE\bin;C:\WINDOWS\system32;C:\WINDOWS;C:\WINDOWS\System32\Wbem;C:\WINDOWS\System32\WindowsPowerShell\v1.0\;C:\WINDOWS\System32\OpenSSH\;C:\Program Files\Intel\WiFi\bin\;C:\Program Files\Common Files\Intel\WirelessCommon\;C:\Program Files (x86)\Intel\Intel(R) Management Engine Components\DAL;C:\Program Files\Intel\Intel(R) Management Engine Components\DAL;C:\Program Files (x86)\HP\Common\HPDestPlgIn\;C:\Program Files\PuTTY\;C:\Users\Precision\AppData\Local\Microsoft\WindowsApps;C:\Work\Programme\JDK\jdk1.8.0_131\bin;C:\Work\Programme\GIT\Git\bin;C:\Program Files (x86)\HP\Common\HPDestPlgIn\;.
16-Mar-2021 12:29:51.025 INFO [main] org.apache.coyote.AbstractProtocol.init Initializing ProtocolHandler ["http-nio-8080"]
16-Mar-2021 12:29:51.280 INFO [main] org.apache.tomcat.util.net.NioSelectorPool.getSharedSelector Using a shared selector for servlet write/read
16-Mar-2021 12:29:51.280 INFO [main] org.apache.coyote.AbstractProtocol.init Initializing ProtocolHandler ["ajp-nio-8009"]
16-Mar-2021 12:29:51.280 INFO [main] org.apache.tomcat.util.net.NioSelectorPool.getSharedSelector Using a shared selector for servlet write/read
16-Mar-2021 12:29:51.280 INFO [main] org.apache.catalina.startup.Catalina.load Initialization processed in 1160 ms
16-Mar-2021 12:29:51.311 INFO [main] org.apache.catalina.core.StandardService.startInternal Starting service Catalina
16-Mar-2021 12:29:51.311 INFO [main] org.apache.catalina.core.StandardEngine.startInternal Starting Servlet Engine: Apache Tomcat/8.0.36
16-Mar-2021 12:29:51.343 INFO [localhost-startStop-1] org.apache.catalina.startup.HostConfig.deployWAR Deploying web application archive C:\Projekte\ProtinSupport\Github\ER-Software\Versorgungsauskunft-Rechner\Web\Tomcat\apache-tomcat-8.0.36\webapps\versorgungsprognose.war
16-Mar-2021 12:29:52.231 INFO [localhost-startStop-1] org.apache.jasper.servlet.TldScanner.scanJars At least one JAR was scanned for TLDs yet contained no TLDs. Enable debug logging for this logger for a complete list of JARs that were scanned but no TLDs were found in them. Skipping unneeded JARs during scanning can improve startup time and JSP compilation time.
16-Mar-2021 12:29:54.721 WARNING [localhost-startStop-1] org.apache.catalina.webresources.Cache.getResource Unable to add the resource at [/WEB-INF/plugins/org.eclipse.e4.ui.workbench.renderers.swt_0.13.0.rap-20190627-0844.jar] to the cache because there was insufficient free space available after evicting expired cache entries - consider increasing the maximum size of the cache
16-Mar-2021 12:29:54.736 WARNING [localhost-startStop-1] org.apache.catalina.webresources.Cache.getResource Unable to add the resource at [/WEB-INF/plugins/org.eclipse.equinox.http.servlet_1.6.300.v20191011-1612.jar] to the cache because there was insufficient free space available after evicting expired cache entries - consider increasing the maximum size of the cache
16-Mar-2021 12:29:54.736 WARNING [localhost-startStop-1] org.apache.catalina.webresources.Cache.getResource Unable to add the resource at [/WEB-INF/plugins/de.protin.support.pr.api_1.0.0.jar] to the cache because there was insufficient free space available after evicting expired cache entries - consider increasing the maximum size of the cache
16-Mar-2021 12:29:54.852 WARNING [localhost-startStop-1] org.apache.catalina.webresources.Cache.getResource Unable to add the resource at [/WEB-INF/plugins/de.protin.support.pr.domain_1.0.0.jar] to the cache because there was insufficient free space available after evicting expired cache entries - consider increasing the maximum size of the cache
16-Mar-2021 12:29:54.870 WARNING [localhost-startStop-1] org.apache.catalina.webresources.Cache.getResource Unable to add the resource at [/WEB-INF/plugins/de.protin.support.pr.services.impl_1.0.0.jar] to the cache because there was insufficient free space available after evicting expired cache entries - consider increasing the maximum size of the cache
16-Mar-2021 12:29:54.928 WARNING [localhost-startStop-1] org.apache.catalina.webresources.Cache.getResource Unable to add the resource at [/WEB-INF/plugins/org.eclipse.core.expressions_3.6.600.v20191122-2104.jar] to the cache because there was insufficient free space available after evicting expired cache entries - consider increasing the maximum size of the cache
16-Mar-2021 12:29:54.937 WARNING [localhost-startStop-1] org.apache.catalina.webresources.Cache.getResource Unable to add the resource at [/WEB-INF/plugins/org.eclipse.equinox.cm_1.4.200.v20191001-1333.jar] to the cache because there was insufficient free space available after evicting expired cache entries - consider increasing the maximum size of the cache
16-Mar-2021 12:29:58.734 INFO [localhost-startStop-1] org.apache.catalina.startup.HostConfig.deployWAR Deployment of web application archive C:\Projekte\ProtinSupport\Github\ER-Software\Versorgungsauskunft-Rechner\Web\Tomcat\apache-tomcat-8.0.36\webapps\versorgungsprognose.war has finished in 7,391 ms
16-Mar-2021 12:29:58.734 INFO [localhost-startStop-1] org.apache.catalina.startup.HostConfig.deployDirectory Deploying web application directory C:\Projekte\ProtinSupport\Github\ER-Software\Versorgungsauskunft-Rechner\Web\Tomcat\apache-tomcat-8.0.36\webapps\docs
16-Mar-2021 12:29:58.765 INFO [localhost-startStop-1] org.apache.catalina.startup.HostConfig.deployDirectory Deployment of web application directory C:\Projekte\ProtinSupport\Github\ER-Software\Versorgungsauskunft-Rechner\Web\Tomcat\apache-tomcat-8.0.36\webapps\docs has finished in 31 ms
16-Mar-2021 12:29:58.765 INFO [localhost-startStop-1] org.apache.catalina.startup.HostConfig.deployDirectory Deploying web application directory C:\Projekte\ProtinSupport\Github\ER-Software\Versorgungsauskunft-Rechner\Web\Tomcat\apache-tomcat-8.0.36\webapps\examples
16-Mar-2021 12:29:59.746 INFO [localhost-startStop-1] org.apache.catalina.startup.HostConfig.deployDirectory Deployment of web application directory C:\Projekte\ProtinSupport\Github\ER-Software\Versorgungsauskunft-Rechner\Web\Tomcat\apache-tomcat-8.0.36\webapps\examples has finished in 981 ms
16-Mar-2021 12:29:59.746 INFO [localhost-startStop-1] org.apache.catalina.startup.HostConfig.deployDirectory Deploying web application directory C:\Projekte\ProtinSupport\Github\ER-Software\Versorgungsauskunft-Rechner\Web\Tomcat\apache-tomcat-8.0.36\webapps\host-manager
16-Mar-2021 12:29:59.796 INFO [localhost-startStop-1] org.apache.catalina.startup.HostConfig.deployDirectory Deployment of web application directory C:\Projekte\ProtinSupport\Github\ER-Software\Versorgungsauskunft-Rechner\Web\Tomcat\apache-tomcat-8.0.36\webapps\host-manager has finished in 50 ms
16-Mar-2021 12:29:59.797 INFO [localhost-startStop-1] org.apache.catalina.startup.HostConfig.deployDirectory Deploying web application directory C:\Projekte\ProtinSupport\Github\ER-Software\Versorgungsauskunft-Rechner\Web\Tomcat\apache-tomcat-8.0.36\webapps\manager
16-Mar-2021 12:29:59.832 INFO [localhost-startStop-1] org.apache.catalina.startup.HostConfig.deployDirectory Deployment of web application directory C:\Projekte\ProtinSupport\Github\ER-Software\Versorgungsauskunft-Rechner\Web\Tomcat\apache-tomcat-8.0.36\webapps\manager has finished in 35 ms
16-Mar-2021 12:29:59.832 INFO [localhost-startStop-1] org.apache.catalina.startup.HostConfig.deployDirectory Deploying web application directory C:\Projekte\ProtinSupport\Github\ER-Software\Versorgungsauskunft-Rechner\Web\Tomcat\apache-tomcat-8.0.36\webapps\ROOT
16-Mar-2021 12:29:59.860 INFO [localhost-startStop-1] org.apache.catalina.startup.HostConfig.deployDirectory Deployment of web application directory C:\Projekte\ProtinSupport\Github\ER-Software\Versorgungsauskunft-Rechner\Web\Tomcat\apache-tomcat-8.0.36\webapps\ROOT has finished in 28 ms
16-Mar-2021 12:29:59.863 INFO [main] org.apache.coyote.AbstractProtocol.start Starting ProtocolHandler ["http-nio-8080"]
16-Mar-2021 12:29:59.869 INFO [main] org.apache.coyote.AbstractProtocol.start Starting ProtocolHandler ["ajp-nio-8009"]
16-Mar-2021 12:29:59.871 INFO [main] org.apache.catalina.startup.Catalina.start Server startup in 8578 ms
16-Mar-2021 12:31:58.701 INFO [Thread-14] org.apache.coyote.AbstractProtocol.pause Pausing ProtocolHandler ["http-nio-8080"]
16-Mar-2021 12:31:58.775 INFO [Thread-14] org.apache.coyote.AbstractProtocol.pause Pausing ProtocolHandler ["ajp-nio-8009"]
16-Mar-2021 12:31:58.839 INFO [Thread-14] org.apache.catalina.core.StandardService.stopInternal Stopping service Catalina
16-Mar-2021 12:31:58.921 INFO [localhost-startStop-2] org.apache.catalina.core.StandardWrapper.unload Waiting for 1 instance(s) to be deallocated for Servlet [equinoxbridgeservlet]
16-Mar-2021 12:32:00.010 INFO [localhost-startStop-2] org.apache.catalina.core.StandardWrapper.unload Waiting for 1 instance(s) to be deallocated for Servlet [equinoxbridgeservlet]
16-Mar-2021 12:32:01.125 INFO [localhost-startStop-2] org.apache.catalina.core.StandardWrapper.unload Waiting for 1 instance(s) to be deallocated for Servlet [equinoxbridgeservlet]
16-Mar-2021 12:32:43.067 INFO [main] org.apache.catalina.startup.VersionLoggerListener.log Server version:        Apache Tomcat/8.0.36
16-Mar-2021 12:32:43.069 INFO [main] org.apache.catalina.startup.VersionLoggerListener.log Server built:          Jun 9 2016 13:55:50 UTC
16-Mar-2021 12:32:43.069 INFO [main] org.apache.catalina.startup.VersionLoggerListener.log Server number:         8.0.36.0
16-Mar-2021 12:32:43.069 INFO [main] org.apache.catalina.startup.VersionLoggerListener.log OS Name:               Windows 10
16-Mar-2021 12:32:43.070 INFO [main] org.apache.catalina.startup.VersionLoggerListener.log OS Version:            10.0
16-Mar-2021 12:32:43.070 INFO [main] org.apache.catalina.startup.VersionLoggerListener.log Architecture:          amd64
16-Mar-2021 12:32:43.070 INFO [main] org.apache.catalina.startup.VersionLoggerListener.log Java Home:             C:\Work\Programme\JDK\jdk1.8.0_131\jre
16-Mar-2021 12:32:43.070 INFO [main] org.apache.catalina.startup.VersionLoggerListener.log JVM Version:           1.8.0_131-b11
16-Mar-2021 12:32:43.070 INFO [main] org.apache.catalina.startup.VersionLoggerListener.log JVM Vendor:            Oracle Corporation
16-Mar-2021 12:32:43.070 INFO [main] org.apache.catalina.startup.VersionLoggerListener.log CATALINA_BASE:         C:\Projekte\ProtinSupport\Github\ER-Software\Versorgungsauskunft-Rechner\Web\Tomcat\apache-tomcat-8.0.36
16-Mar-2021 12:32:43.070 INFO [main] org.apache.catalina.startup.VersionLoggerListener.log CATALINA_HOME:         C:\Projekte\ProtinSupport\Github\ER-Software\Versorgungsauskunft-Rechner\Web\Tomcat\apache-tomcat-8.0.36
16-Mar-2021 12:32:43.071 INFO [main] org.apache.catalina.startup.VersionLoggerListener.log Command line argument: -Djdk.tls.ephemeralDHKeySize=2048
16-Mar-2021 12:32:43.071 INFO [main] org.apache.catalina.startup.VersionLoggerListener.log Command line argument: -Djava.util.logging.config.file=C:\Projekte\ProtinSupport\Github\ER-Software\Versorgungsauskunft-Rechner\Web\Tomcat\apache-tomcat-8.0.36\conf\logging.properties
16-Mar-2021 12:32:43.071 INFO [main] org.apache.catalina.startup.VersionLoggerListener.log Command line argument: -Djava.util.logging.manager=org.apache.juli.ClassLoaderLogManager
16-Mar-2021 12:32:43.071 INFO [main] org.apache.catalina.startup.VersionLoggerListener.log Command line argument: -Djava.endorsed.dirs=C:\Projekte\ProtinSupport\Github\ER-Software\Versorgungsauskunft-Rechner\Web\Tomcat\apache-tomcat-8.0.36\endorsed
16-Mar-2021 12:32:43.072 INFO [main] org.apache.catalina.startup.VersionLoggerListener.log Command line argument: -Dcatalina.base=C:\Projekte\ProtinSupport\Github\ER-Software\Versorgungsauskunft-Rechner\Web\Tomcat\apache-tomcat-8.0.36
16-Mar-2021 12:32:43.072 INFO [main] org.apache.catalina.startup.VersionLoggerListener.log Command line argument: -Dcatalina.home=C:\Projekte\ProtinSupport\Github\ER-Software\Versorgungsauskunft-Rechner\Web\Tomcat\apache-tomcat-8.0.36
16-Mar-2021 12:32:43.073 INFO [main] org.apache.catalina.startup.VersionLoggerListener.log Command line argument: -Djava.io.tmpdir=C:\Projekte\ProtinSupport\Github\ER-Software\Versorgungsauskunft-Rechner\Web\Tomcat\apache-tomcat-8.0.36\temp
16-Mar-2021 12:32:43.073 INFO [main] org.apache.catalina.core.AprLifecycleListener.lifecycleEvent The APR based Apache Tomcat Native library which allows optimal performance in production environments was not found on the java.library.path: C:\Work\Programme\JDK\jdk1.8.0_131\bin;C:\WINDOWS\Sun\Java\bin;C:\WINDOWS\system32;C:\WINDOWS;C:\Work\Programme\Datenbank\Oracle\product\18.0.0\dbhomeXE\bin;C:\WINDOWS\system32;C:\WINDOWS;C:\WINDOWS\System32\Wbem;C:\WINDOWS\System32\WindowsPowerShell\v1.0\;C:\WINDOWS\System32\OpenSSH\;C:\Program Files\Intel\WiFi\bin\;C:\Program Files\Common Files\Intel\WirelessCommon\;C:\Program Files (x86)\Intel\Intel(R) Management Engine Components\DAL;C:\Program Files\Intel\Intel(R) Management Engine Components\DAL;C:\Program Files (x86)\HP\Common\HPDestPlgIn\;C:\Program Files\PuTTY\;C:\Users\Precision\AppData\Local\Microsoft\WindowsApps;C:\Work\Programme\JDK\jdk1.8.0_131\bin;C:\Work\Programme\GIT\Git\bin;C:\Program Files (x86)\HP\Common\HPDestPlgIn\;.
16-Mar-2021 12:32:43.207 INFO [main] org.apache.coyote.AbstractProtocol.init Initializing ProtocolHandler ["http-nio-8080"]
16-Mar-2021 12:32:43.479 INFO [main] org.apache.tomcat.util.net.NioSelectorPool.getSharedSelector Using a shared selector for servlet write/read
16-Mar-2021 12:32:43.479 INFO [main] org.apache.coyote.AbstractProtocol.init Initializing ProtocolHandler ["ajp-nio-8009"]
16-Mar-2021 12:32:43.479 INFO [main] org.apache.tomcat.util.net.NioSelectorPool.getSharedSelector Using a shared selector for servlet write/read
16-Mar-2021 12:32:43.479 INFO [main] org.apache.catalina.startup.Catalina.load Initialization processed in 757 ms
16-Mar-2021 12:32:43.494 INFO [main] org.apache.catalina.core.StandardService.startInternal Starting service Catalina
16-Mar-2021 12:32:43.494 INFO [main] org.apache.catalina.core.StandardEngine.startInternal Starting Servlet Engine: Apache Tomcat/8.0.36
16-Mar-2021 12:32:43.543 INFO [localhost-startStop-1] org.apache.catalina.startup.HostConfig.deployWAR Deploying web application archive C:\Projekte\ProtinSupport\Github\ER-Software\Versorgungsauskunft-Rechner\Web\Tomcat\apache-tomcat-8.0.36\webapps\versorgungsprognose.war
16-Mar-2021 12:32:43.841 INFO [localhost-startStop-1] org.apache.jasper.servlet.TldScanner.scanJars At least one JAR was scanned for TLDs yet contained no TLDs. Enable debug logging for this logger for a complete list of JARs that were scanned but no TLDs were found in them. Skipping unneeded JARs during scanning can improve startup time and JSP compilation time.
16-Mar-2021 12:32:45.941 INFO [localhost-startStop-1] org.apache.catalina.startup.HostConfig.deployWAR Deployment of web application archive C:\Projekte\ProtinSupport\Github\ER-Software\Versorgungsauskunft-Rechner\Web\Tomcat\apache-tomcat-8.0.36\webapps\versorgungsprognose.war has finished in 2,398 ms
16-Mar-2021 12:32:45.942 INFO [localhost-startStop-1] org.apache.catalina.startup.HostConfig.deployDirectory Deploying web application directory C:\Projekte\ProtinSupport\Github\ER-Software\Versorgungsauskunft-Rechner\Web\Tomcat\apache-tomcat-8.0.36\webapps\docs
16-Mar-2021 12:32:45.970 INFO [localhost-startStop-1] org.apache.catalina.startup.HostConfig.deployDirectory Deployment of web application directory C:\Projekte\ProtinSupport\Github\ER-Software\Versorgungsauskunft-Rechner\Web\Tomcat\apache-tomcat-8.0.36\webapps\docs has finished in 28 ms
16-Mar-2021 12:32:45.970 INFO [localhost-startStop-1] org.apache.catalina.startup.HostConfig.deployDirectory Deploying web application directory C:\Projekte\ProtinSupport\Github\ER-Software\Versorgungsauskunft-Rechner\Web\Tomcat\apache-tomcat-8.0.36\webapps\examples
16-Mar-2021 12:32:46.236 INFO [localhost-startStop-1] org.apache.catalina.startup.HostConfig.deployDirectory Deployment of web application directory C:\Projekte\ProtinSupport\Github\ER-Software\Versorgungsauskunft-Rechner\Web\Tomcat\apache-tomcat-8.0.36\webapps\examples has finished in 266 ms
16-Mar-2021 12:32:46.237 INFO [localhost-startStop-1] org.apache.catalina.startup.HostConfig.deployDirectory Deploying web application directory C:\Projekte\ProtinSupport\Github\ER-Software\Versorgungsauskunft-Rechner\Web\Tomcat\apache-tomcat-8.0.36\webapps\host-manager
16-Mar-2021 12:32:46.246 INFO [localhost-startStop-1] org.apache.catalina.startup.HostConfig.deployDirectory Deployment of web application directory C:\Projekte\ProtinSupport\Github\ER-Software\Versorgungsauskunft-Rechner\Web\Tomcat\apache-tomcat-8.0.36\webapps\host-manager has finished in 9 ms
16-Mar-2021 12:32:46.246 INFO [localhost-startStop-1] org.apache.catalina.startup.HostConfig.deployDirectory Deploying web application directory C:\Projekte\ProtinSupport\Github\ER-Software\Versorgungsauskunft-Rechner\Web\Tomcat\apache-tomcat-8.0.36\webapps\manager
16-Mar-2021 12:32:46.279 INFO [localhost-startStop-1] org.apache.catalina.startup.HostConfig.deployDirectory Deployment of web application directory C:\Projekte\ProtinSupport\Github\ER-Software\Versorgungsauskunft-Rechner\Web\Tomcat\apache-tomcat-8.0.36\webapps\manager has finished in 33 ms
16-Mar-2021 12:32:46.279 INFO [localhost-startStop-1] org.apache.catalina.startup.HostConfig.deployDirectory Deploying web application directory C:\Projekte\ProtinSupport\Github\ER-Software\Versorgungsauskunft-Rechner\Web\Tomcat\apache-tomcat-8.0.36\webapps\ROOT
16-Mar-2021 12:32:46.295 INFO [localhost-startStop-1] org.apache.catalina.startup.HostConfig.deployDirectory Deployment of web application directory C:\Projekte\ProtinSupport\Github\ER-Software\Versorgungsauskunft-Rechner\Web\Tomcat\apache-tomcat-8.0.36\webapps\ROOT has finished in 16 ms
16-Mar-2021 12:32:46.295 INFO [main] org.apache.coyote.AbstractProtocol.start Starting ProtocolHandler ["http-nio-8080"]
16-Mar-2021 12:32:46.311 INFO [main] org.apache.coyote.AbstractProtocol.start Starting ProtocolHandler ["ajp-nio-8009"]
16-Mar-2021 12:32:46.311 INFO [main] org.apache.catalina.startup.Catalina.start Server startup in 2825 ms
16-Mar-2021 12:33:26.290 INFO [Thread-14] org.apache.coyote.AbstractProtocol.pause Pausing ProtocolHandler ["http-nio-8080"]
16-Mar-2021 12:33:26.353 INFO [Thread-14] org.apache.coyote.AbstractProtocol.pause Pausing ProtocolHandler ["ajp-nio-8009"]
16-Mar-2021 12:33:26.415 INFO [Thread-14] org.apache.catalina.core.StandardService.stopInternal Stopping service Catalina
16-Mar-2021 12:33:26.801 INFO [Thread-14] org.apache.coyote.AbstractProtocol.stop Stopping ProtocolHandler ["http-nio-8080"]
16-Mar-2021 12:33:26.837 INFO [Thread-14] org.apache.coyote.AbstractProtocol.stop Stopping ProtocolHandler ["ajp-nio-8009"]
16-Mar-2021 12:33:26.949 INFO [Thread-14] org.apache.coyote.AbstractProtocol.destroy Destroying ProtocolHandler ["http-nio-8080"]
16-Mar-2021 12:33:26.951 INFO [Thread-14] org.apache.coyote.AbstractProtocol.destroy Destroying ProtocolHandler ["ajp-nio-8009"]
16-Mar-2021 12:33:39.208 INFO [main] org.apache.catalina.startup.VersionLoggerListener.log Server version:        Apache Tomcat/8.0.36
16-Mar-2021 12:33:39.208 INFO [main] org.apache.catalina.startup.VersionLoggerListener.log Server built:          Jun 9 2016 13:55:50 UTC
16-Mar-2021 12:33:39.208 INFO [main] org.apache.catalina.startup.VersionLoggerListener.log Server number:         8.0.36.0
16-Mar-2021 12:33:39.208 INFO [main] org.apache.catalina.startup.VersionLoggerListener.log OS Name:               Windows 10
16-Mar-2021 12:33:39.208 INFO [main] org.apache.catalina.startup.VersionLoggerListener.log OS Version:            10.0
16-Mar-2021 12:33:39.208 INFO [main] org.apache.catalina.startup.VersionLoggerListener.log Architecture:          amd64
16-Mar-2021 12:33:39.208 INFO [main] org.apache.catalina.startup.VersionLoggerListener.log Java Home:             C:\Work\Programme\JDK\jdk1.8.0_131\jre
16-Mar-2021 12:33:39.208 INFO [main] org.apache.catalina.startup.VersionLoggerListener.log JVM Version:           1.8.0_131-b11
16-Mar-2021 12:33:39.208 INFO [main] org.apache.catalina.startup.VersionLoggerListener.log JVM Vendor:            Oracle Corporation
16-Mar-2021 12:33:39.208 INFO [main] org.apache.catalina.startup.VersionLoggerListener.log CATALINA_BASE:         C:\Projekte\ProtinSupport\Github\ER-Software\Versorgungsauskunft-Rechner\Web\Tomcat\apache-tomcat-8.0.36
16-Mar-2021 12:33:39.208 INFO [main] org.apache.catalina.startup.VersionLoggerListener.log CATALINA_HOME:         C:\Projekte\ProtinSupport\Github\ER-Software\Versorgungsauskunft-Rechner\Web\Tomcat\apache-tomcat-8.0.36
16-Mar-2021 12:33:39.208 INFO [main] org.apache.catalina.startup.VersionLoggerListener.log Command line argument: -Djdk.tls.ephemeralDHKeySize=2048
16-Mar-2021 12:33:39.208 INFO [main] org.apache.catalina.startup.VersionLoggerListener.log Command line argument: -Djava.util.logging.config.file=C:\Projekte\ProtinSupport\Github\ER-Software\Versorgungsauskunft-Rechner\Web\Tomcat\apache-tomcat-8.0.36\conf\logging.properties
16-Mar-2021 12:33:39.208 INFO [main] org.apache.catalina.startup.VersionLoggerListener.log Command line argument: -Djava.util.logging.manager=org.apache.juli.ClassLoaderLogManager
16-Mar-2021 12:33:39.208 INFO [main] org.apache.catalina.startup.VersionLoggerListener.log Command line argument: -Djava.endorsed.dirs=C:\Projekte\ProtinSupport\Github\ER-Software\Versorgungsauskunft-Rechner\Web\Tomcat\apache-tomcat-8.0.36\endorsed
16-Mar-2021 12:33:39.208 INFO [main] org.apache.catalina.startup.VersionLoggerListener.log Command line argument: -Dcatalina.base=C:\Projekte\ProtinSupport\Github\ER-Software\Versorgungsauskunft-Rechner\Web\Tomcat\apache-tomcat-8.0.36
16-Mar-2021 12:33:39.208 INFO [main] org.apache.catalina.startup.VersionLoggerListener.log Command line argument: -Dcatalina.home=C:\Projekte\ProtinSupport\Github\ER-Software\Versorgungsauskunft-Rechner\Web\Tomcat\apache-tomcat-8.0.36
16-Mar-2021 12:33:39.208 INFO [main] org.apache.catalina.startup.VersionLoggerListener.log Command line argument: -Djava.io.tmpdir=C:\Projekte\ProtinSupport\Github\ER-Software\Versorgungsauskunft-Rechner\Web\Tomcat\apache-tomcat-8.0.36\temp
16-Mar-2021 12:33:39.208 INFO [main] org.apache.catalina.core.AprLifecycleListener.lifecycleEvent The APR based Apache Tomcat Native library which allows optimal performance in production environments was not found on the java.library.path: C:\Work\Programme\JDK\jdk1.8.0_131\bin;C:\WINDOWS\Sun\Java\bin;C:\WINDOWS\system32;C:\WINDOWS;C:\Work\Programme\Datenbank\Oracle\product\18.0.0\dbhomeXE\bin;C:\WINDOWS\system32;C:\WINDOWS;C:\WINDOWS\System32\Wbem;C:\WINDOWS\System32\WindowsPowerShell\v1.0\;C:\WINDOWS\System32\OpenSSH\;C:\Program Files\Intel\WiFi\bin\;C:\Program Files\Common Files\Intel\WirelessCommon\;C:\Program Files (x86)\Intel\Intel(R) Management Engine Components\DAL;C:\Program Files\Intel\Intel(R) Management Engine Components\DAL;C:\Program Files (x86)\HP\Common\HPDestPlgIn\;C:\Program Files\PuTTY\;C:\Users\Precision\AppData\Local\Microsoft\WindowsApps;C:\Work\Programme\JDK\jdk1.8.0_131\bin;C:\Work\Programme\GIT\Git\bin;C:\Program Files (x86)\HP\Common\HPDestPlgIn\;.
16-Mar-2021 12:33:39.333 INFO [main] org.apache.coyote.AbstractProtocol.init Initializing ProtocolHandler ["http-nio-8080"]
16-Mar-2021 12:33:39.615 INFO [main] org.apache.tomcat.util.net.NioSelectorPool.getSharedSelector Using a shared selector for servlet write/read
16-Mar-2021 12:33:39.615 INFO [main] org.apache.coyote.AbstractProtocol.init Initializing ProtocolHandler ["ajp-nio-8009"]
16-Mar-2021 12:33:39.615 INFO [main] org.apache.tomcat.util.net.NioSelectorPool.getSharedSelector Using a shared selector for servlet write/read
16-Mar-2021 12:33:39.615 INFO [main] org.apache.catalina.startup.Catalina.load Initialization processed in 728 ms
16-Mar-2021 12:33:39.630 INFO [main] org.apache.catalina.core.StandardService.startInternal Starting service Catalina
16-Mar-2021 12:33:39.646 INFO [main] org.apache.catalina.core.StandardEngine.startInternal Starting Servlet Engine: Apache Tomcat/8.0.36
16-Mar-2021 12:33:39.661 INFO [localhost-startStop-1] org.apache.catalina.startup.HostConfig.deployWAR Deploying web application archive C:\Projekte\ProtinSupport\Github\ER-Software\Versorgungsauskunft-Rechner\Web\Tomcat\apache-tomcat-8.0.36\webapps\versorgungsprognose.war
16-Mar-2021 12:33:39.933 INFO [localhost-startStop-1] org.apache.jasper.servlet.TldScanner.scanJars At least one JAR was scanned for TLDs yet contained no TLDs. Enable debug logging for this logger for a complete list of JARs that were scanned but no TLDs were found in them. Skipping unneeded JARs during scanning can improve startup time and JSP compilation time.
16-Mar-2021 12:33:41.882 INFO [localhost-startStop-1] org.apache.catalina.startup.HostConfig.deployWAR Deployment of web application archive C:\Projekte\ProtinSupport\Github\ER-Software\Versorgungsauskunft-Rechner\Web\Tomcat\apache-tomcat-8.0.36\webapps\versorgungsprognose.war has finished in 2,221 ms
16-Mar-2021 12:33:41.883 INFO [localhost-startStop-1] org.apache.catalina.startup.HostConfig.deployDirectory Deploying web application directory C:\Projekte\ProtinSupport\Github\ER-Software\Versorgungsauskunft-Rechner\Web\Tomcat\apache-tomcat-8.0.36\webapps\docs
16-Mar-2021 12:33:41.906 INFO [localhost-startStop-1] org.apache.catalina.startup.HostConfig.deployDirectory Deployment of web application directory C:\Projekte\ProtinSupport\Github\ER-Software\Versorgungsauskunft-Rechner\Web\Tomcat\apache-tomcat-8.0.36\webapps\docs has finished in 23 ms
16-Mar-2021 12:33:41.907 INFO [localhost-startStop-1] org.apache.catalina.startup.HostConfig.deployDirectory Deploying web application directory C:\Projekte\ProtinSupport\Github\ER-Software\Versorgungsauskunft-Rechner\Web\Tomcat\apache-tomcat-8.0.36\webapps\examples
16-Mar-2021 12:33:42.171 INFO [localhost-startStop-1] org.apache.catalina.startup.HostConfig.deployDirectory Deployment of web application directory C:\Projekte\ProtinSupport\Github\ER-Software\Versorgungsauskunft-Rechner\Web\Tomcat\apache-tomcat-8.0.36\webapps\examples has finished in 264 ms
16-Mar-2021 12:33:42.171 INFO [localhost-startStop-1] org.apache.catalina.startup.HostConfig.deployDirectory Deploying web application directory C:\Projekte\ProtinSupport\Github\ER-Software\Versorgungsauskunft-Rechner\Web\Tomcat\apache-tomcat-8.0.36\webapps\host-manager
16-Mar-2021 12:33:42.202 INFO [localhost-startStop-1] org.apache.catalina.startup.HostConfig.deployDirectory Deployment of web application directory C:\Projekte\ProtinSupport\Github\ER-Software\Versorgungsauskunft-Rechner\Web\Tomcat\apache-tomcat-8.0.36\webapps\host-manager has finished in 31 ms
16-Mar-2021 12:33:42.202 INFO [localhost-startStop-1] org.apache.catalina.startup.HostConfig.deployDirectory Deploying web application directory C:\Projekte\ProtinSupport\Github\ER-Software\Versorgungsauskunft-Rechner\Web\Tomcat\apache-tomcat-8.0.36\webapps\manager
16-Mar-2021 12:33:42.218 INFO [localhost-startStop-1] org.apache.catalina.startup.HostConfig.deployDirectory Deployment of web application directory C:\Projekte\ProtinSupport\Github\ER-Software\Versorgungsauskunft-Rechner\Web\Tomcat\apache-tomcat-8.0.36\webapps\manager has finished in 16 ms
16-Mar-2021 12:33:42.218 INFO [localhost-startStop-1] org.apache.catalina.startup.HostConfig.deployDirectory Deploying web application directory C:\Projekte\ProtinSupport\Github\ER-Software\Versorgungsauskunft-Rechner\Web\Tomcat\apache-tomcat-8.0.36\webapps\ROOT
16-Mar-2021 12:33:42.233 INFO [localhost-startStop-1] org.apache.catalina.startup.HostConfig.deployDirectory Deployment of web application directory C:\Projekte\ProtinSupport\Github\ER-Software\Versorgungsauskunft-Rechner\Web\Tomcat\apache-tomcat-8.0.36\webapps\ROOT has finished in 15 ms
16-Mar-2021 12:33:42.233 INFO [main] org.apache.coyote.AbstractProtocol.start Starting ProtocolHandler ["http-nio-8080"]
16-Mar-2021 12:33:42.249 INFO [main] org.apache.coyote.AbstractProtocol.start Starting ProtocolHandler ["ajp-nio-8009"]
16-Mar-2021 12:33:42.249 INFO [main] org.apache.catalina.startup.Catalina.start Server startup in 2629 ms
16-Mar-2021 12:34:24.655 INFO [Thread-14] org.apache.coyote.AbstractProtocol.pause Pausing ProtocolHandler ["http-nio-8080"]
16-Mar-2021 12:34:24.718 INFO [Thread-14] org.apache.coyote.AbstractProtocol.pause Pausing ProtocolHandler ["ajp-nio-8009"]
16-Mar-2021 12:34:24.780 INFO [Thread-14] org.apache.catalina.core.StandardService.stopInternal Stopping service Catalina
16-Mar-2021 12:34:24.819 INFO [localhost-startStop-2] org.apache.catalina.core.StandardWrapper.unload Waiting for 1 instance(s) to be deallocated for Servlet [equinoxbridgeservlet]
16-Mar-2021 12:34:25.921 INFO [localhost-startStop-2] org.apache.catalina.core.StandardWrapper.unload Waiting for 1 instance(s) to be deallocated for Servlet [equinoxbridgeservlet]
16-Mar-2021 12:34:27.018 INFO [localhost-startStop-2] org.apache.catalina.core.StandardWrapper.unload Waiting for 1 instance(s) to be deallocated for Servlet [equinoxbridgeservlet]
16-Mar-2021 12:34:27.549 SEVERE [localhost-startStop-2] org.apache.catalina.loader.WebappClassLoaderBase.checkThreadLocalMapForLeaks The web application [versorgungsprognose] created a ThreadLocal with key of type [java.lang.ThreadLocal] (value [java.lang.ThreadLocal@1077448d]) and a value of type [org.eclipse.osgi.internal.loader.classpath.ClasspathManager.DefineContext] (value [org.eclipse.osgi.internal.loader.classpath.ClasspathManager$DefineContext@56f5e579]) but failed to remove it when the web application was stopped. Threads are going to be renewed over time to try and avoid a probable memory leak.
16-Mar-2021 12:34:27.549 SEVERE [localhost-startStop-2] org.apache.catalina.loader.WebappClassLoaderBase.checkThreadLocalMapForLeaks The web application [versorgungsprognose] created a ThreadLocal with key of type [java.lang.ThreadLocal] (value [java.lang.ThreadLocal@397465d4]) and a value of type [org.eclipse.osgi.internal.weaving.WeavingHookConfigurator.WovenClassContext] (value [org.eclipse.osgi.internal.weaving.WeavingHookConfigurator$WovenClassContext@165e27ed]) but failed to remove it when the web application was stopped. Threads are going to be renewed over time to try and avoid a probable memory leak.
16-Mar-2021 12:34:27.549 SEVERE [localhost-startStop-2] org.apache.catalina.loader.WebappClassLoaderBase.checkThreadLocalMapForLeaks The web application [versorgungsprognose] created a ThreadLocal with key of type [java.lang.ThreadLocal] (value [java.lang.ThreadLocal@3ca75a87]) and a value of type [org.eclipse.osgi.internal.loader.classpath.ClasspathManager.DefineContext] (value [org.eclipse.osgi.internal.loader.classpath.ClasspathManager$DefineContext@4500be47]) but failed to remove it when the web application was stopped. Threads are going to be renewed over time to try and avoid a probable memory leak.
16-Mar-2021 12:34:27.549 SEVERE [localhost-startStop-2] org.apache.catalina.loader.WebappClassLoaderBase.checkThreadLocalMapForLeaks The web application [versorgungsprognose] created a ThreadLocal with key of type [java.lang.ThreadLocal] (value [java.lang.ThreadLocal@5f4039f6]) and a value of type [org.eclipse.osgi.internal.loader.classpath.ClasspathManager.DefineContext] (value [org.eclipse.osgi.internal.loader.classpath.ClasspathManager$DefineContext@38c60cbc]) but failed to remove it when the web application was stopped. Threads are going to be renewed over time to try and avoid a probable memory leak.
16-Mar-2021 12:34:27.549 SEVERE [localhost-startStop-2] org.apache.catalina.loader.WebappClassLoaderBase.checkThreadLocalMapForLeaks The web application [versorgungsprognose] created a ThreadLocal with key of type [java.lang.ThreadLocal] (value [java.lang.ThreadLocal@1077448d]) and a value of type [org.eclipse.osgi.internal.loader.classpath.ClasspathManager.DefineContext] (value [org.eclipse.osgi.internal.loader.classpath.ClasspathManager$DefineContext@3e331a41]) but failed to remove it when the web application was stopped. Threads are going to be renewed over time to try and avoid a probable memory leak.
16-Mar-2021 12:34:27.549 SEVERE [localhost-startStop-2] org.apache.catalina.loader.WebappClassLoaderBase.checkThreadLocalMapForLeaks The web application [versorgungsprognose] created a ThreadLocal with key of type [java.lang.ThreadLocal] (value [java.lang.ThreadLocal@397465d4]) and a value of type [org.eclipse.osgi.internal.weaving.WeavingHookConfigurator.WovenClassContext] (value [org.eclipse.osgi.internal.weaving.WeavingHookConfigurator$WovenClassContext@7e017946]) but failed to remove it when the web application was stopped. Threads are going to be renewed over time to try and avoid a probable memory leak.
16-Mar-2021 12:34:27.549 SEVERE [localhost-startStop-2] org.apache.catalina.loader.WebappClassLoaderBase.checkThreadLocalMapForLeaks The web application [versorgungsprognose] created a ThreadLocal with key of type [java.lang.ThreadLocal] (value [java.lang.ThreadLocal@3ca75a87]) and a value of type [org.eclipse.osgi.internal.loader.classpath.ClasspathManager.DefineContext] (value [org.eclipse.osgi.internal.loader.classpath.ClasspathManager$DefineContext@205070f9]) but failed to remove it when the web application was stopped. Threads are going to be renewed over time to try and avoid a probable memory leak.
16-Mar-2021 12:34:27.549 SEVERE [localhost-startStop-2] org.apache.catalina.loader.WebappClassLoaderBase.checkThreadLocalMapForLeaks The web application [versorgungsprognose] created a ThreadLocal with key of type [java.lang.ThreadLocal] (value [java.lang.ThreadLocal@397465d4]) and a value of type [org.eclipse.osgi.internal.weaving.WeavingHookConfigurator.WovenClassContext] (value [org.eclipse.osgi.internal.weaving.WeavingHookConfigurator$WovenClassContext@28fb2ba3]) but failed to remove it when the web application was stopped. Threads are going to be renewed over time to try and avoid a probable memory leak.
16-Mar-2021 12:34:27.549 SEVERE [localhost-startStop-2] org.apache.catalina.loader.WebappClassLoaderBase.checkThreadLocalMapForLeaks The web application [versorgungsprognose] created a ThreadLocal with key of type [java.lang.ThreadLocal] (value [java.lang.ThreadLocal@3ca75a87]) and a value of type [org.eclipse.osgi.internal.loader.classpath.ClasspathManager.DefineContext] (value [org.eclipse.osgi.internal.loader.classpath.ClasspathManager$DefineContext@e3ccdef]) but failed to remove it when the web application was stopped. Threads are going to be renewed over time to try and avoid a probable memory leak.
16-Mar-2021 12:34:27.549 SEVERE [localhost-startStop-2] org.apache.catalina.loader.WebappClassLoaderBase.checkThreadLocalMapForLeaks The web application [versorgungsprognose] created a ThreadLocal with key of type [java.lang.ThreadLocal] (value [java.lang.ThreadLocal@397465d4]) and a value of type [org.eclipse.osgi.internal.weaving.WeavingHookConfigurator.WovenClassContext] (value [org.eclipse.osgi.internal.weaving.WeavingHookConfigurator$WovenClassContext@7b825e27]) but failed to remove it when the web application was stopped. Threads are going to be renewed over time to try and avoid a probable memory leak.
16-Mar-2021 12:34:27.549 SEVERE [localhost-startStop-2] org.apache.catalina.loader.WebappClassLoaderBase.checkThreadLocalMapForLeaks The web application [versorgungsprognose] created a ThreadLocal with key of type [java.lang.ThreadLocal] (value [java.lang.ThreadLocal@3ca75a87]) and a value of type [org.eclipse.osgi.internal.loader.classpath.ClasspathManager.DefineContext] (value [org.eclipse.osgi.internal.loader.classpath.ClasspathManager$DefineContext@58762e16]) but failed to remove it when the web application was stopped. Threads are going to be renewed over time to try and avoid a probable memory leak.
16-Mar-2021 12:34:27.549 SEVERE [localhost-startStop-2] org.apache.catalina.loader.WebappClassLoaderBase.checkThreadLocalMapForLeaks The web application [versorgungsprognose] created a ThreadLocal with key of type [java.lang.ThreadLocal] (value [java.lang.ThreadLocal@1077448d]) and a value of type [org.eclipse.osgi.internal.loader.classpath.ClasspathManager.DefineContext] (value [org.eclipse.osgi.internal.loader.classpath.ClasspathManager$DefineContext@29a1a088]) but failed to remove it when the web application was stopped. Threads are going to be renewed over time to try and avoid a probable memory leak.
16-Mar-2021 12:34:27.549 SEVERE [localhost-startStop-2] org.apache.catalina.loader.WebappClassLoaderBase.checkThreadLocalMapForLeaks The web application [versorgungsprognose] created a ThreadLocal with key of type [java.lang.ThreadLocal] (value [java.lang.ThreadLocal@397465d4]) and a value of type [org.eclipse.osgi.internal.weaving.WeavingHookConfigurator.WovenClassContext] (value [org.eclipse.osgi.internal.weaving.WeavingHookConfigurator$WovenClassContext@419a53e6]) but failed to remove it when the web application was stopped. Threads are going to be renewed over time to try and avoid a probable memory leak.
16-Mar-2021 12:34:27.549 INFO [Thread-14] org.apache.coyote.AbstractProtocol.stop Stopping ProtocolHandler ["http-nio-8080"]
16-Mar-2021 12:34:27.596 INFO [Thread-14] org.apache.coyote.AbstractProtocol.stop Stopping ProtocolHandler ["ajp-nio-8009"]
16-Mar-2021 12:34:27.643 INFO [Thread-14] org.apache.coyote.AbstractProtocol.destroy Destroying ProtocolHandler ["http-nio-8080"]
16-Mar-2021 12:34:27.643 INFO [Thread-14] org.apache.coyote.AbstractProtocol.destroy Destroying ProtocolHandler ["ajp-nio-8009"]
16-Mar-2021 12:43:50.746 INFO [main] org.apache.catalina.startup.VersionLoggerListener.log Server version:        Apache Tomcat/8.0.36
16-Mar-2021 12:43:50.746 INFO [main] org.apache.catalina.startup.VersionLoggerListener.log Server built:          Jun 9 2016 13:55:50 UTC
16-Mar-2021 12:43:50.746 INFO [main] org.apache.catalina.startup.VersionLoggerListener.log Server number:         8.0.36.0
16-Mar-2021 12:43:50.746 INFO [main] org.apache.catalina.startup.VersionLoggerListener.log OS Name:               Windows 10
16-Mar-2021 12:43:50.746 INFO [main] org.apache.catalina.startup.VersionLoggerListener.log OS Version:            10.0
16-Mar-2021 12:43:50.746 INFO [main] org.apache.catalina.startup.VersionLoggerListener.log Architecture:          amd64
16-Mar-2021 12:43:50.746 INFO [main] org.apache.catalina.startup.VersionLoggerListener.log Java Home:             C:\Projekte\ProtinSupport\Github\ER-Software\Versorgungsauskunft-Rechner\Java-JRE\jre_1.8.0-131
16-Mar-2021 12:43:50.746 INFO [main] org.apache.catalina.startup.VersionLoggerListener.log JVM Version:           1.8.0_131-b11
16-Mar-2021 12:43:50.746 INFO [main] org.apache.catalina.startup.VersionLoggerListener.log JVM Vendor:            Oracle Corporation
16-Mar-2021 12:43:50.746 INFO [main] org.apache.catalina.startup.VersionLoggerListener.log CATALINA_BASE:         C:\Projekte\ProtinSupport\Github\ER-Software\Versorgungsauskunft-Rechner\Web\apache-tomcat-8.0.36
16-Mar-2021 12:43:50.746 INFO [main] org.apache.catalina.startup.VersionLoggerListener.log CATALINA_HOME:         C:\Projekte\ProtinSupport\Github\ER-Software\Versorgungsauskunft-Rechner\Web\apache-tomcat-8.0.36
16-Mar-2021 12:43:50.746 INFO [main] org.apache.catalina.startup.VersionLoggerListener.log Command line argument: -Djdk.tls.ephemeralDHKeySize=2048
16-Mar-2021 12:43:50.746 INFO [main] org.apache.catalina.startup.VersionLoggerListener.log Command line argument: -Djava.util.logging.config.file=C:\Projekte\ProtinSupport\Github\ER-Software\Versorgungsauskunft-Rechner\Web\apache-tomcat-8.0.36\conf\logging.properties
16-Mar-2021 12:43:50.746 INFO [main] org.apache.catalina.startup.VersionLoggerListener.log Command line argument: -Djava.util.logging.manager=org.apache.juli.ClassLoaderLogManager
16-Mar-2021 12:43:50.746 INFO [main] org.apache.catalina.startup.VersionLoggerListener.log Command line argument: -Djava.endorsed.dirs=C:\Projekte\ProtinSupport\Github\ER-Software\Versorgungsauskunft-Rechner\Web\apache-tomcat-8.0.36\endorsed
16-Mar-2021 12:43:50.746 INFO [main] org.apache.catalina.startup.VersionLoggerListener.log Command line argument: -Dcatalina.base=C:\Projekte\ProtinSupport\Github\ER-Software\Versorgungsauskunft-Rechner\Web\apache-tomcat-8.0.36
16-Mar-2021 12:43:50.746 INFO [main] org.apache.catalina.startup.VersionLoggerListener.log Command line argument: -Dcatalina.home=C:\Projekte\ProtinSupport\Github\ER-Software\Versorgungsauskunft-Rechner\Web\apache-tomcat-8.0.36
16-Mar-2021 12:43:50.746 INFO [main] org.apache.catalina.startup.VersionLoggerListener.log Command line argument: -Djava.io.tmpdir=C:\Projekte\ProtinSupport\Github\ER-Software\Versorgungsauskunft-Rechner\Web\apache-tomcat-8.0.36\temp
16-Mar-2021 12:43:50.746 INFO [main] org.apache.catalina.core.AprLifecycleListener.lifecycleEvent The APR based Apache Tomcat Native library which allows optimal performance in production environments was not found on the java.library.path: C:\Projekte\ProtinSupport\Github\ER-Software\Versorgungsauskunft-Rechner\Java-JRE\jre_1.8.0-131\bin;C:\WINDOWS\Sun\Java\bin;C:\WINDOWS\system32;C:\WINDOWS;C:\Work\Programme\Datenbank\Oracle\product\18.0.0\dbhomeXE\bin;C:\WINDOWS\system32;C:\WINDOWS;C:\WINDOWS\System32\Wbem;C:\WINDOWS\System32\WindowsPowerShell\v1.0\;C:\WINDOWS\System32\OpenSSH\;C:\Program Files\Intel\WiFi\bin\;C:\Program Files\Common Files\Intel\WirelessCommon\;C:\Program Files (x86)\Intel\Intel(R) Management Engine Components\DAL;C:\Program Files\Intel\Intel(R) Management Engine Components\DAL;C:\Program Files (x86)\HP\Common\HPDestPlgIn\;C:\Program Files\PuTTY\;C:\Users\Precision\AppData\Local\Microsoft\WindowsApps;C:\Work\Programme\JDK\jdk1.8.0_131\bin;C:\Work\Programme\GIT\Git\bin;C:\Program Files (x86)\HP\Common\HPDestPlgIn\;.
16-Mar-2021 12:43:51.202 INFO [main] org.apache.coyote.AbstractProtocol.init Initializing ProtocolHandler ["http-nio-8080"]
16-Mar-2021 12:43:51.498 INFO [main] org.apache.tomcat.util.net.NioSelectorPool.getSharedSelector Using a shared selector for servlet write/read
16-Mar-2021 12:43:51.498 INFO [main] org.apache.coyote.AbstractProtocol.init Initializing ProtocolHandler ["ajp-nio-8009"]
16-Mar-2021 12:43:51.498 INFO [main] org.apache.tomcat.util.net.NioSelectorPool.getSharedSelector Using a shared selector for servlet write/read
16-Mar-2021 12:43:51.498 INFO [main] org.apache.catalina.startup.Catalina.load Initialization processed in 1153 ms
16-Mar-2021 12:43:51.513 INFO [main] org.apache.catalina.core.StandardService.startInternal Starting service Catalina
16-Mar-2021 12:43:51.513 INFO [main] org.apache.catalina.core.StandardEngine.startInternal Starting Servlet Engine: Apache Tomcat/8.0.36
16-Mar-2021 12:43:51.544 INFO [localhost-startStop-1] org.apache.catalina.startup.HostConfig.deployWAR Deploying web application archive C:\Projekte\ProtinSupport\Github\ER-Software\Versorgungsauskunft-Rechner\Web\apache-tomcat-8.0.36\webapps\versorgungsprognose.war
16-Mar-2021 12:43:52.451 INFO [localhost-startStop-1] org.apache.jasper.servlet.TldScanner.scanJars At least one JAR was scanned for TLDs yet contained no TLDs. Enable debug logging for this logger for a complete list of JARs that were scanned but no TLDs were found in them. Skipping unneeded JARs during scanning can improve startup time and JSP compilation time.
16-Mar-2021 12:43:55.318 WARNING [localhost-startStop-1] org.apache.catalina.webresources.Cache.getResource Unable to add the resource at [/WEB-INF/plugins/org.eclipse.e4.ui.workbench.renderers.swt_0.13.0.rap-20190627-0844.jar] to the cache because there was insufficient free space available after evicting expired cache entries - consider increasing the maximum size of the cache
16-Mar-2021 12:43:55.349 WARNING [localhost-startStop-1] org.apache.catalina.webresources.Cache.getResource Unable to add the resource at [/WEB-INF/plugins/org.eclipse.equinox.http.servlet_1.6.300.v20191011-1612.jar] to the cache because there was insufficient free space available after evicting expired cache entries - consider increasing the maximum size of the cache
16-Mar-2021 12:43:55.364 WARNING [localhost-startStop-1] org.apache.catalina.webresources.Cache.getResource Unable to add the resource at [/WEB-INF/plugins/de.protin.support.pr.api_1.0.0.jar] to the cache because there was insufficient free space available after evicting expired cache entries - consider increasing the maximum size of the cache
16-Mar-2021 12:43:55.474 WARNING [localhost-startStop-1] org.apache.catalina.webresources.Cache.getResource Unable to add the resource at [/WEB-INF/plugins/de.protin.support.pr.domain_1.0.0.jar] to the cache because there was insufficient free space available after evicting expired cache entries - consider increasing the maximum size of the cache
16-Mar-2021 12:43:55.489 WARNING [localhost-startStop-1] org.apache.catalina.webresources.Cache.getResource Unable to add the resource at [/WEB-INF/plugins/de.protin.support.pr.services.impl_1.0.0.jar] to the cache because there was insufficient free space available after evicting expired cache entries - consider increasing the maximum size of the cache
16-Mar-2021 12:43:55.552 WARNING [localhost-startStop-1] org.apache.catalina.webresources.Cache.getResource Unable to add the resource at [/WEB-INF/plugins/org.eclipse.core.expressions_3.6.600.v20191122-2104.jar] to the cache because there was insufficient free space available after evicting expired cache entries - consider increasing the maximum size of the cache
16-Mar-2021 12:43:55.552 WARNING [localhost-startStop-1] org.apache.catalina.webresources.Cache.getResource Unable to add the resource at [/WEB-INF/plugins/org.eclipse.equinox.cm_1.4.200.v20191001-1333.jar] to the cache because there was insufficient free space available after evicting expired cache entries - consider increasing the maximum size of the cache
16-Mar-2021 12:43:59.544 INFO [localhost-startStop-1] org.apache.catalina.startup.HostConfig.deployWAR Deployment of web application archive C:\Projekte\ProtinSupport\Github\ER-Software\Versorgungsauskunft-Rechner\Web\apache-tomcat-8.0.36\webapps\versorgungsprognose.war has finished in 8,000 ms
16-Mar-2021 12:43:59.559 INFO [localhost-startStop-1] org.apache.catalina.startup.HostConfig.deployDirectory Deploying web application directory C:\Projekte\ProtinSupport\Github\ER-Software\Versorgungsauskunft-Rechner\Web\apache-tomcat-8.0.36\webapps\docs
16-Mar-2021 12:43:59.575 INFO [localhost-startStop-1] org.apache.catalina.startup.HostConfig.deployDirectory Deployment of web application directory C:\Projekte\ProtinSupport\Github\ER-Software\Versorgungsauskunft-Rechner\Web\apache-tomcat-8.0.36\webapps\docs has finished in 16 ms
16-Mar-2021 12:43:59.575 INFO [localhost-startStop-1] org.apache.catalina.startup.HostConfig.deployDirectory Deploying web application directory C:\Projekte\ProtinSupport\Github\ER-Software\Versorgungsauskunft-Rechner\Web\apache-tomcat-8.0.36\webapps\examples
16-Mar-2021 12:43:59.863 INFO [localhost-startStop-1] org.apache.catalina.startup.HostConfig.deployDirectory Deployment of web application directory C:\Projekte\ProtinSupport\Github\ER-Software\Versorgungsauskunft-Rechner\Web\apache-tomcat-8.0.36\webapps\examples has finished in 288 ms
16-Mar-2021 12:43:59.863 INFO [localhost-startStop-1] org.apache.catalina.startup.HostConfig.deployDirectory Deploying web application directory C:\Projekte\ProtinSupport\Github\ER-Software\Versorgungsauskunft-Rechner\Web\apache-tomcat-8.0.36\webapps\host-manager
16-Mar-2021 12:43:59.890 INFO [localhost-startStop-1] org.apache.catalina.startup.HostConfig.deployDirectory Deployment of web application directory C:\Projekte\ProtinSupport\Github\ER-Software\Versorgungsauskunft-Rechner\Web\apache-tomcat-8.0.36\webapps\host-manager has finished in 27 ms
16-Mar-2021 12:43:59.890 INFO [localhost-startStop-1] org.apache.catalina.startup.HostConfig.deployDirectory Deploying web application directory C:\Projekte\ProtinSupport\Github\ER-Software\Versorgungsauskunft-Rechner\Web\apache-tomcat-8.0.36\webapps\manager
16-Mar-2021 12:43:59.906 INFO [localhost-startStop-1] org.apache.catalina.startup.HostConfig.deployDirectory Deployment of web application directory C:\Projekte\ProtinSupport\Github\ER-Software\Versorgungsauskunft-Rechner\Web\apache-tomcat-8.0.36\webapps\manager has finished in 16 ms
16-Mar-2021 12:43:59.906 INFO [localhost-startStop-1] org.apache.catalina.startup.HostConfig.deployDirectory Deploying web application directory C:\Projekte\ProtinSupport\Github\ER-Software\Versorgungsauskunft-Rechner\Web\apache-tomcat-8.0.36\webapps\ROOT
16-Mar-2021 12:43:59.941 INFO [localhost-startStop-1] org.apache.catalina.startup.HostConfig.deployDirectory Deployment of web application directory C:\Projekte\ProtinSupport\Github\ER-Software\Versorgungsauskunft-Rechner\Web\apache-tomcat-8.0.36\webapps\ROOT has finished in 35 ms
16-Mar-2021 12:43:59.941 INFO [main] org.apache.coyote.AbstractProtocol.start Starting ProtocolHandler ["http-nio-8080"]
16-Mar-2021 12:43:59.957 INFO [main] org.apache.coyote.AbstractProtocol.start Starting ProtocolHandler ["ajp-nio-8009"]
16-Mar-2021 12:43:59.957 INFO [main] org.apache.catalina.startup.Catalina.start Server startup in 8458 ms
16-Mar-2021 12:44:58.930 INFO [Thread-14] org.apache.coyote.AbstractProtocol.pause Pausing ProtocolHandler ["http-nio-8080"]
16-Mar-2021 12:44:58.991 INFO [Thread-14] org.apache.coyote.AbstractProtocol.pause Pausing ProtocolHandler ["ajp-nio-8009"]
16-Mar-2021 12:44:59.056 INFO [Thread-14] org.apache.catalina.core.StandardService.stopInternal Stopping service Catalina
16-Mar-2021 12:44:59.118 INFO [localhost-startStop-2] org.apache.catalina.core.StandardWrapper.unload Waiting for 1 instance(s) to be deallocated for Servlet [equinoxbridgeservlet]
16-Mar-2021 12:45:00.216 INFO [localhost-startStop-2] org.apache.catalina.core.StandardWrapper.unload Waiting for 1 instance(s) to be deallocated for Servlet [equinoxbridgeservlet]
16-Mar-2021 12:45:01.312 INFO [localhost-startStop-2] org.apache.catalina.core.StandardWrapper.unload Waiting for 1 instance(s) to be deallocated for Servlet [equinoxbridgeservlet]
16-Mar-2021 12:45:01.918 SEVERE [localhost-startStop-2] org.apache.catalina.loader.WebappClassLoaderBase.checkThreadLocalMapForLeaks The web application [versorgungsprognose] created a ThreadLocal with key of type [java.lang.ThreadLocal] (value [java.lang.ThreadLocal@73c2dcd4]) and a value of type [org.eclipse.osgi.internal.weaving.WeavingHookConfigurator.WovenClassContext] (value [org.eclipse.osgi.internal.weaving.WeavingHookConfigurator$WovenClassContext@2bce55fd]) but failed to remove it when the web application was stopped. Threads are going to be renewed over time to try and avoid a probable memory leak.
16-Mar-2021 12:45:01.918 SEVERE [localhost-startStop-2] org.apache.catalina.loader.WebappClassLoaderBase.checkThreadLocalMapForLeaks The web application [versorgungsprognose] created a ThreadLocal with key of type [java.lang.ThreadLocal] (value [java.lang.ThreadLocal@6eccea58]) and a value of type [org.eclipse.osgi.internal.loader.classpath.ClasspathManager.DefineContext] (value [org.eclipse.osgi.internal.loader.classpath.ClasspathManager$DefineContext@7f40431f]) but failed to remove it when the web application was stopped. Threads are going to be renewed over time to try and avoid a probable memory leak.
16-Mar-2021 12:45:01.918 SEVERE [localhost-startStop-2] org.apache.catalina.loader.WebappClassLoaderBase.checkThreadLocalMapForLeaks The web application [versorgungsprognose] created a ThreadLocal with key of type [java.lang.ThreadLocal] (value [java.lang.ThreadLocal@1a01145f]) and a value of type [org.eclipse.osgi.internal.loader.classpath.ClasspathManager.DefineContext] (value [org.eclipse.osgi.internal.loader.classpath.ClasspathManager$DefineContext@43b9cb5f]) but failed to remove it when the web application was stopped. Threads are going to be renewed over time to try and avoid a probable memory leak.
16-Mar-2021 12:45:01.918 SEVERE [localhost-startStop-2] org.apache.catalina.loader.WebappClassLoaderBase.checkThreadLocalMapForLeaks The web application [versorgungsprognose] created a ThreadLocal with key of type [java.lang.ThreadLocal] (value [java.lang.ThreadLocal@4a2e675a]) and a value of type [org.eclipse.osgi.internal.loader.classpath.ClasspathManager.DefineContext] (value [org.eclipse.osgi.internal.loader.classpath.ClasspathManager$DefineContext@370b9dbb]) but failed to remove it when the web application was stopped. Threads are going to be renewed over time to try and avoid a probable memory leak.
16-Mar-2021 12:45:01.918 SEVERE [localhost-startStop-2] org.apache.catalina.loader.WebappClassLoaderBase.checkThreadLocalMapForLeaks The web application [versorgungsprognose] created a ThreadLocal with key of type [java.lang.ThreadLocal] (value [java.lang.ThreadLocal@73c2dcd4]) and a value of type [org.eclipse.osgi.internal.weaving.WeavingHookConfigurator.WovenClassContext] (value [org.eclipse.osgi.internal.weaving.WeavingHookConfigurator$WovenClassContext@25bac4e9]) but failed to remove it when the web application was stopped. Threads are going to be renewed over time to try and avoid a probable memory leak.
16-Mar-2021 12:45:01.918 SEVERE [localhost-startStop-2] org.apache.catalina.loader.WebappClassLoaderBase.checkThreadLocalMapForLeaks The web application [versorgungsprognose] created a ThreadLocal with key of type [java.lang.ThreadLocal] (value [java.lang.ThreadLocal@1a01145f]) and a value of type [org.eclipse.osgi.internal.loader.classpath.ClasspathManager.DefineContext] (value [org.eclipse.osgi.internal.loader.classpath.ClasspathManager$DefineContext@28540032]) but failed to remove it when the web application was stopped. Threads are going to be renewed over time to try and avoid a probable memory leak.
16-Mar-2021 12:45:01.918 SEVERE [localhost-startStop-2] org.apache.catalina.loader.WebappClassLoaderBase.checkThreadLocalMapForLeaks The web application [versorgungsprognose] created a ThreadLocal with key of type [java.lang.ThreadLocal] (value [java.lang.ThreadLocal@73c2dcd4]) and a value of type [org.eclipse.osgi.internal.weaving.WeavingHookConfigurator.WovenClassContext] (value [org.eclipse.osgi.internal.weaving.WeavingHookConfigurator$WovenClassContext@11f9b6d5]) but failed to remove it when the web application was stopped. Threads are going to be renewed over time to try and avoid a probable memory leak.
16-Mar-2021 12:45:01.918 SEVERE [localhost-startStop-2] org.apache.catalina.loader.WebappClassLoaderBase.checkThreadLocalMapForLeaks The web application [versorgungsprognose] created a ThreadLocal with key of type [java.lang.ThreadLocal] (value [java.lang.ThreadLocal@1a01145f]) and a value of type [org.eclipse.osgi.internal.loader.classpath.ClasspathManager.DefineContext] (value [org.eclipse.osgi.internal.loader.classpath.ClasspathManager$DefineContext@7af41714]) but failed to remove it when the web application was stopped. Threads are going to be renewed over time to try and avoid a probable memory leak.
16-Mar-2021 12:45:01.918 SEVERE [localhost-startStop-2] org.apache.catalina.loader.WebappClassLoaderBase.checkThreadLocalMapForLeaks The web application [versorgungsprognose] created a ThreadLocal with key of type [java.lang.ThreadLocal] (value [java.lang.ThreadLocal@4a2e675a]) and a value of type [org.eclipse.osgi.internal.loader.classpath.ClasspathManager.DefineContext] (value [org.eclipse.osgi.internal.loader.classpath.ClasspathManager$DefineContext@91a192f]) but failed to remove it when the web application was stopped. Threads are going to be renewed over time to try and avoid a probable memory leak.
16-Mar-2021 12:45:01.918 SEVERE [localhost-startStop-2] org.apache.catalina.loader.WebappClassLoaderBase.checkThreadLocalMapForLeaks The web application [versorgungsprognose] created a ThreadLocal with key of type [java.lang.ThreadLocal] (value [java.lang.ThreadLocal@73c2dcd4]) and a value of type [org.eclipse.osgi.internal.weaving.WeavingHookConfigurator.WovenClassContext] (value [org.eclipse.osgi.internal.weaving.WeavingHookConfigurator$WovenClassContext@147cdae]) but failed to remove it when the web application was stopped. Threads are going to be renewed over time to try and avoid a probable memory leak.
16-Mar-2021 12:45:01.918 SEVERE [localhost-startStop-2] org.apache.catalina.loader.WebappClassLoaderBase.checkThreadLocalMapForLeaks The web application [versorgungsprognose] created a ThreadLocal with key of type [java.lang.ThreadLocal] (value [java.lang.ThreadLocal@4a2e675a]) and a value of type [org.eclipse.osgi.internal.loader.classpath.ClasspathManager.DefineContext] (value [org.eclipse.osgi.internal.loader.classpath.ClasspathManager$DefineContext@5dd48c4d]) but failed to remove it when the web application was stopped. Threads are going to be renewed over time to try and avoid a probable memory leak.
16-Mar-2021 12:45:01.934 INFO [Thread-14] org.apache.coyote.AbstractProtocol.stop Stopping ProtocolHandler ["http-nio-8080"]
16-Mar-2021 12:45:01.981 INFO [Thread-14] org.apache.coyote.AbstractProtocol.stop Stopping ProtocolHandler ["ajp-nio-8009"]
16-Mar-2021 12:45:02.043 INFO [Thread-14] org.apache.coyote.AbstractProtocol.destroy Destroying ProtocolHandler ["http-nio-8080"]
16-Mar-2021 12:45:02.043 INFO [Thread-14] org.apache.coyote.AbstractProtocol.destroy Destroying ProtocolHandler ["ajp-nio-8009"]
16-Mar-2021 14:02:33.810 INFO [main] org.apache.catalina.startup.VersionLoggerListener.log Server version:        Apache Tomcat/8.0.36
16-Mar-2021 14:02:33.811 INFO [main] org.apache.catalina.startup.VersionLoggerListener.log Server built:          Jun 9 2016 13:55:50 UTC
16-Mar-2021 14:02:33.811 INFO [main] org.apache.catalina.startup.VersionLoggerListener.log Server number:         8.0.36.0
16-Mar-2021 14:02:33.811 INFO [main] org.apache.catalina.startup.VersionLoggerListener.log OS Name:               Windows 10
16-Mar-2021 14:02:33.811 INFO [main] org.apache.catalina.startup.VersionLoggerListener.log OS Version:            10.0
16-Mar-2021 14:02:33.811 INFO [main] org.apache.catalina.startup.VersionLoggerListener.log Architecture:          amd64
16-Mar-2021 14:02:33.812 INFO [main] org.apache.catalina.startup.VersionLoggerListener.log Java Home:             C:\Projekte\ProtinSupport\Github\ER-Software\Versorgungsauskunft-Rechner\Java-JRE\jre_1.8.0-131
16-Mar-2021 14:02:33.812 INFO [main] org.apache.catalina.startup.VersionLoggerListener.log JVM Version:           1.8.0_131-b11
16-Mar-2021 14:02:33.812 INFO [main] org.apache.catalina.startup.VersionLoggerListener.log JVM Vendor:            Oracle Corporation
16-Mar-2021 14:02:33.812 INFO [main] org.apache.catalina.startup.VersionLoggerListener.log CATALINA_BASE:         C:\Projekte\ProtinSupport\Github\ER-Software\Versorgungsauskunft-Rechner\Web\apache-tomcat-8.0.36
16-Mar-2021 14:02:33.812 INFO [main] org.apache.catalina.startup.VersionLoggerListener.log CATALINA_HOME:         C:\Projekte\ProtinSupport\Github\ER-Software\Versorgungsauskunft-Rechner\Web\apache-tomcat-8.0.36
16-Mar-2021 14:02:33.813 INFO [main] org.apache.catalina.startup.VersionLoggerListener.log Command line argument: -Djdk.tls.ephemeralDHKeySize=2048
16-Mar-2021 14:02:33.813 INFO [main] org.apache.catalina.startup.VersionLoggerListener.log Command line argument: -Djava.util.logging.config.file=C:\Projekte\ProtinSupport\Github\ER-Software\Versorgungsauskunft-Rechner\Web\apache-tomcat-8.0.36\conf\logging.properties
16-Mar-2021 14:02:33.813 INFO [main] org.apache.catalina.startup.VersionLoggerListener.log Command line argument: -Djava.util.logging.manager=org.apache.juli.ClassLoaderLogManager
16-Mar-2021 14:02:33.813 INFO [main] org.apache.catalina.startup.VersionLoggerListener.log Command line argument: -Djava.endorsed.dirs=C:\Projekte\ProtinSupport\Github\ER-Software\Versorgungsauskunft-Rechner\Web\apache-tomcat-8.0.36\endorsed
16-Mar-2021 14:02:33.814 INFO [main] org.apache.catalina.startup.VersionLoggerListener.log Command line argument: -Dcatalina.base=C:\Projekte\ProtinSupport\Github\ER-Software\Versorgungsauskunft-Rechner\Web\apache-tomcat-8.0.36
16-Mar-2021 14:02:33.814 INFO [main] org.apache.catalina.startup.VersionLoggerListener.log Command line argument: -Dcatalina.home=C:\Projekte\ProtinSupport\Github\ER-Software\Versorgungsauskunft-Rechner\Web\apache-tomcat-8.0.36
16-Mar-2021 14:02:33.815 INFO [main] org.apache.catalina.startup.VersionLoggerListener.log Command line argument: -Djava.io.tmpdir=C:\Projekte\ProtinSupport\Github\ER-Software\Versorgungsauskunft-Rechner\Web\apache-tomcat-8.0.36\temp
16-Mar-2021 14:02:33.815 INFO [main] org.apache.catalina.core.AprLifecycleListener.lifecycleEvent The APR based Apache Tomcat Native library which allows optimal performance in production environments was not found on the java.library.path: C:\Projekte\ProtinSupport\Github\ER-Software\Versorgungsauskunft-Rechner\Java-JRE\jre_1.8.0-131\bin;C:\WINDOWS\Sun\Java\bin;C:\WINDOWS\system32;C:\WINDOWS;C:\Work\Programme\Datenbank\Oracle\product\18.0.0\dbhomeXE\bin;C:\WINDOWS\system32;C:\WINDOWS;C:\WINDOWS\System32\Wbem;C:\WINDOWS\System32\WindowsPowerShell\v1.0\;C:\WINDOWS\System32\OpenSSH\;C:\Program Files\Intel\WiFi\bin\;C:\Program Files\Common Files\Intel\WirelessCommon\;C:\Program Files (x86)\Intel\Intel(R) Management Engine Components\DAL;C:\Program Files\Intel\Intel(R) Management Engine Components\DAL;C:\Program Files (x86)\HP\Common\HPDestPlgIn\;C:\Program Files\PuTTY\;C:\Users\Precision\AppData\Local\Microsoft\WindowsApps;C:\Work\Programme\JDK\jdk1.8.0_131\bin;C:\Work\Programme\GIT\Git\bin;C:\Program Files (x86)\HP\Common\HPDestPlgIn\;.
16-Mar-2021 14:02:33.947 INFO [main] org.apache.coyote.AbstractProtocol.init Initializing ProtocolHandler ["http-nio-8080"]
16-Mar-2021 14:02:34.212 INFO [main] org.apache.tomcat.util.net.NioSelectorPool.getSharedSelector Using a shared selector for servlet write/read
16-Mar-2021 14:02:34.212 INFO [main] org.apache.coyote.AbstractProtocol.init Initializing ProtocolHandler ["ajp-nio-8009"]
16-Mar-2021 14:02:34.212 INFO [main] org.apache.tomcat.util.net.NioSelectorPool.getSharedSelector Using a shared selector for servlet write/read
16-Mar-2021 14:02:34.212 INFO [main] org.apache.catalina.startup.Catalina.load Initialization processed in 739 ms
16-Mar-2021 14:02:34.228 INFO [main] org.apache.catalina.core.StandardService.startInternal Starting service Catalina
16-Mar-2021 14:02:34.228 INFO [main] org.apache.catalina.core.StandardEngine.startInternal Starting Servlet Engine: Apache Tomcat/8.0.36
16-Mar-2021 14:02:34.259 INFO [localhost-startStop-1] org.apache.catalina.startup.HostConfig.deployWAR Deploying web application archive C:\Projekte\ProtinSupport\Github\ER-Software\Versorgungsauskunft-Rechner\Web\apache-tomcat-8.0.36\webapps\demo.war
16-Mar-2021 14:02:35.076 INFO [localhost-startStop-1] org.apache.jasper.servlet.TldScanner.scanJars At least one JAR was scanned for TLDs yet contained no TLDs. Enable debug logging for this logger for a complete list of JARs that were scanned but no TLDs were found in them. Skipping unneeded JARs during scanning can improve startup time and JSP compilation time.
16-Mar-2021 14:02:37.543 WARNING [localhost-startStop-1] org.apache.catalina.webresources.Cache.getResource Unable to add the resource at [/WEB-INF/plugins/org.eclipse.e4.ui.workbench.renderers.swt_0.13.0.rap-20190627-0844.jar] to the cache because there was insufficient free space available after evicting expired cache entries - consider increasing the maximum size of the cache
16-Mar-2021 14:02:37.574 WARNING [localhost-startStop-1] org.apache.catalina.webresources.Cache.getResource Unable to add the resource at [/WEB-INF/plugins/org.eclipse.equinox.http.servlet_1.6.300.v20191011-1612.jar] to the cache because there was insufficient free space available after evicting expired cache entries - consider increasing the maximum size of the cache
16-Mar-2021 14:02:37.574 WARNING [localhost-startStop-1] org.apache.catalina.webresources.Cache.getResource Unable to add the resource at [/WEB-INF/plugins/de.protin.support.pr.api_1.0.0.jar] to the cache because there was insufficient free space available after evicting expired cache entries - consider increasing the maximum size of the cache
16-Mar-2021 14:02:37.684 WARNING [localhost-startStop-1] org.apache.catalina.webresources.Cache.getResource Unable to add the resource at [/WEB-INF/plugins/de.protin.support.pr.domain_1.0.0.jar] to the cache because there was insufficient free space available after evicting expired cache entries - consider increasing the maximum size of the cache
16-Mar-2021 14:02:37.699 WARNING [localhost-startStop-1] org.apache.catalina.webresources.Cache.getResource Unable to add the resource at [/WEB-INF/plugins/de.protin.support.pr.services.impl_1.0.0.jar] to the cache because there was insufficient free space available after evicting expired cache entries - consider increasing the maximum size of the cache
16-Mar-2021 14:02:37.746 WARNING [localhost-startStop-1] org.apache.catalina.webresources.Cache.getResource Unable to add the resource at [/WEB-INF/plugins/org.eclipse.core.expressions_3.6.600.v20191122-2104.jar] to the cache because there was insufficient free space available after evicting expired cache entries - consider increasing the maximum size of the cache
16-Mar-2021 14:02:37.762 WARNING [localhost-startStop-1] org.apache.catalina.webresources.Cache.getResource Unable to add the resource at [/WEB-INF/plugins/org.eclipse.equinox.cm_1.4.200.v20191001-1333.jar] to the cache because there was insufficient free space available after evicting expired cache entries - consider increasing the maximum size of the cache
16-Mar-2021 14:02:41.555 INFO [localhost-startStop-1] org.apache.catalina.startup.HostConfig.deployWAR Deployment of web application archive C:\Projekte\ProtinSupport\Github\ER-Software\Versorgungsauskunft-Rechner\Web\apache-tomcat-8.0.36\webapps\demo.war has finished in 7,296 ms
16-Mar-2021 14:02:41.555 INFO [localhost-startStop-1] org.apache.catalina.startup.HostConfig.deployDirectory Deploying web application directory C:\Projekte\ProtinSupport\Github\ER-Software\Versorgungsauskunft-Rechner\Web\apache-tomcat-8.0.36\webapps\docs
16-Mar-2021 14:02:41.571 INFO [localhost-startStop-1] org.apache.catalina.startup.HostConfig.deployDirectory Deployment of web application directory C:\Projekte\ProtinSupport\Github\ER-Software\Versorgungsauskunft-Rechner\Web\apache-tomcat-8.0.36\webapps\docs has finished in 16 ms
16-Mar-2021 14:02:41.571 INFO [localhost-startStop-1] org.apache.catalina.startup.HostConfig.deployDirectory Deploying web application directory C:\Projekte\ProtinSupport\Github\ER-Software\Versorgungsauskunft-Rechner\Web\apache-tomcat-8.0.36\webapps\examples
16-Mar-2021 14:02:41.830 INFO [localhost-startStop-1] org.apache.catalina.startup.HostConfig.deployDirectory Deployment of web application directory C:\Projekte\ProtinSupport\Github\ER-Software\Versorgungsauskunft-Rechner\Web\apache-tomcat-8.0.36\webapps\examples has finished in 258 ms
16-Mar-2021 14:02:41.830 INFO [localhost-startStop-1] org.apache.catalina.startup.HostConfig.deployDirectory Deploying web application directory C:\Projekte\ProtinSupport\Github\ER-Software\Versorgungsauskunft-Rechner\Web\apache-tomcat-8.0.36\webapps\host-manager
16-Mar-2021 14:02:41.852 INFO [localhost-startStop-1] org.apache.catalina.startup.HostConfig.deployDirectory Deployment of web application directory C:\Projekte\ProtinSupport\Github\ER-Software\Versorgungsauskunft-Rechner\Web\apache-tomcat-8.0.36\webapps\host-manager has finished in 22 ms
16-Mar-2021 14:02:41.853 INFO [localhost-startStop-1] org.apache.catalina.startup.HostConfig.deployDirectory Deploying web application directory C:\Projekte\ProtinSupport\Github\ER-Software\Versorgungsauskunft-Rechner\Web\apache-tomcat-8.0.36\webapps\manager
16-Mar-2021 14:02:41.876 INFO [localhost-startStop-1] org.apache.catalina.startup.HostConfig.deployDirectory Deployment of web application directory C:\Projekte\ProtinSupport\Github\ER-Software\Versorgungsauskunft-Rechner\Web\apache-tomcat-8.0.36\webapps\manager has finished in 22 ms
16-Mar-2021 14:02:41.876 INFO [localhost-startStop-1] org.apache.catalina.startup.HostConfig.deployDirectory Deploying web application directory C:\Projekte\ProtinSupport\Github\ER-Software\Versorgungsauskunft-Rechner\Web\apache-tomcat-8.0.36\webapps\ROOT
16-Mar-2021 14:02:41.893 INFO [localhost-startStop-1] org.apache.catalina.startup.HostConfig.deployDirectory Deployment of web application directory C:\Projekte\ProtinSupport\Github\ER-Software\Versorgungsauskunft-Rechner\Web\apache-tomcat-8.0.36\webapps\ROOT has finished in 17 ms
16-Mar-2021 14:02:41.896 INFO [main] org.apache.coyote.AbstractProtocol.start Starting ProtocolHandler ["http-nio-8080"]
16-Mar-2021 14:02:41.902 INFO [main] org.apache.coyote.AbstractProtocol.start Starting ProtocolHandler ["ajp-nio-8009"]
16-Mar-2021 14:02:41.904 INFO [main] org.apache.catalina.startup.Catalina.start Server startup in 7685 ms
16-Mar-2021 14:04:02.172 INFO [Thread-14] org.apache.coyote.AbstractProtocol.pause Pausing ProtocolHandler ["http-nio-8080"]
16-Mar-2021 14:04:02.250 INFO [Thread-14] org.apache.coyote.AbstractProtocol.pause Pausing ProtocolHandler ["ajp-nio-8009"]
16-Mar-2021 14:04:02.312 INFO [Thread-14] org.apache.catalina.core.StandardService.stopInternal Stopping service Catalina
16-Mar-2021 14:04:02.375 INFO [localhost-startStop-2] org.apache.catalina.core.StandardWrapper.unload Waiting for 1 instance(s) to be deallocated for Servlet [equinoxbridgeservlet]
16-Mar-2021 14:04:03.472 INFO [localhost-startStop-2] org.apache.catalina.core.StandardWrapper.unload Waiting for 1 instance(s) to be deallocated for Servlet [equinoxbridgeservlet]
16-Mar-2021 14:04:04.569 INFO [localhost-startStop-2] org.apache.catalina.core.StandardWrapper.unload Waiting for 1 instance(s) to be deallocated for Servlet [equinoxbridgeservlet]
