2021-03-16 12:31:05,765 [UIThread [2cb1091d]] INFO  de.protin.support.pr.rap.e4.LifeCyleManager  - Initialize Log4J with PropertyConfigurator
2021-03-16 12:31:05,765 [UIThread [2cb1091d]] INFO  de.protin.support.pr.rap.e4.LifeCyleManager  - Application root directory is : C:\Projekte\ProtinSupport\Github\ER-Software\Versorgungsauskunft-Rechner\Web\Tomcat\apache-tomcat-8.0.36\bin
2021-03-16 12:31:05,765 [UIThread [2cb1091d]] INFO  de.protin.support.pr.rap.e4.LifeCyleManager  - enter postContextCreate()
2021-03-16 12:31:05,872 [UIThread [2cb1091d]] INFO  de.protin.support.pr.rap.e4.LifeCyleManager  - enter processAdditions()
2021-03-16 12:31:05,895 [UIThread [2cb1091d]] INFO  de.protin.support.pr.rap.e4.LifeCyleManager  - enter processRemovals()
2021-03-16 12:31:31,395 [UIThread [2cb1091d]] INFO  de.protin.support.pr.rap.e4.handlers.OpenVAHandler  - Enter method 'execute()'.
2021-03-16 12:31:39,726 [UIThread [2cb1091d]] INFO  de.protin.support.pr.gui.util.FileImportHandler  - try to import content from json file C:\Projekte\ProtinSupport\Github\ER-Software\Versorgungsauskunft-Rechner\Web\Tomcat\apache-tomcat-8.0.36\temp\fileupload_94275995711386175\BerndMalessa_2.json
2021-03-16 12:31:39,823 [UIThread [2cb1091d]] INFO  de.protin.support.pr.rap.e4.handlers.OpenVAHandler  - Exit method 'execute()'.
2021-03-16 12:31:45,603 [UIThread [2cb1091d]] INFO  de.protin.support.pr.gui.VersorgungsprognosePart  - Versorgungsauskunft wurde berechnet und in GUI angezeigt:
2021-03-16 12:31:45,603 [UIThread [2cb1091d]] INFO  de.protin.support.pr.gui.VersorgungsprognosePart  - 
Art der Pension: Engagierter Ruhestand
Anzuwendenes Recht: Bund
Person: Bernd Malessa
Geburtsdatum: 12.07.1963
Ruhestand geplant zum: 01.05.2020
Errechneter Ruhegehaltssatz: 69,36
Errechneter Ruhegehaltsfähiger Dienstbezug: 5315,55
Errechneter Mindestversorgung - amtsabhängig: 1842,02
Errechneter Mindestversorgung - amtsunabhängig: 1875,20
Förderliche praktische Ausbildung (§12,2 BeamtVG)		01.08.1980 - 31.08.1981		Faktor: 1,00		Rgf-Tage: 0
Ausbildung im Beamtenverhältnis auf Widerruf (§6 BeamtVG)		01.09.1981 - 31.08.1983		Faktor: 1,00		Rgf-Tage: 730
Regelmäßige ruhegehaltfähige Dienstzeit (§6 BeamtVG)		01.09.1983 - 30.04.2020		Faktor: 1,00		Rgf-Tage: 13383

2021-03-16 12:34:09,004 [UIThread [793aeff]] INFO  de.protin.support.pr.rap.e4.LifeCyleManager  - Initialize Log4J with PropertyConfigurator
2021-03-16 12:34:09,006 [UIThread [793aeff]] INFO  de.protin.support.pr.rap.e4.LifeCyleManager  - Application root directory is : C:\Projekte\ProtinSupport\Github\ER-Software\Versorgungsauskunft-Rechner\Web\Tomcat\apache-tomcat-8.0.36\bin
2021-03-16 12:34:09,006 [UIThread [793aeff]] INFO  de.protin.support.pr.rap.e4.LifeCyleManager  - enter postContextCreate()
2021-03-16 12:34:09,090 [UIThread [793aeff]] INFO  de.protin.support.pr.rap.e4.LifeCyleManager  - enter processAdditions()
2021-03-16 12:34:09,090 [UIThread [793aeff]] INFO  de.protin.support.pr.rap.e4.LifeCyleManager  - enter processRemovals()
2021-03-16 12:34:27,221 [UIThread [793aeff]] INFO  de.protin.support.pr.rap.e4.LifeCyleManager  - enter preSave()
2021-03-16 12:44:38,744 [UIThread [8d24bcb]] INFO  de.protin.support.pr.rap.e4.LifeCyleManager  - Initialize Log4J with PropertyConfigurator
2021-03-16 12:44:38,744 [UIThread [8d24bcb]] INFO  de.protin.support.pr.rap.e4.LifeCyleManager  - Application root directory is : C:\Projekte\ProtinSupport\Github\ER-Software\Versorgungsauskunft-Rechner\Web\apache-tomcat-8.0.36\bin
2021-03-16 12:44:38,744 [UIThread [8d24bcb]] INFO  de.protin.support.pr.rap.e4.LifeCyleManager  - enter postContextCreate()
2021-03-16 12:44:38,853 [UIThread [8d24bcb]] INFO  de.protin.support.pr.rap.e4.LifeCyleManager  - enter processAdditions()
2021-03-16 12:44:38,853 [UIThread [8d24bcb]] INFO  de.protin.support.pr.rap.e4.LifeCyleManager  - enter processRemovals()
2021-03-16 12:45:01,578 [UIThread [8d24bcb]] INFO  de.protin.support.pr.rap.e4.LifeCyleManager  - enter preSave()
